#
# A fatal error has been detected by the Java Runtime Environment:
#
#  EXCEPTION_ACCESS_VIOLATION (0xc0000005) at pc=0x000000007a9ec750, pid=7616, tid=5452
#
# JRE version: 6.0_17-b04
# Java VM: Java HotSpot(TM) 64-Bit Server VM (14.3-b01 mixed mode windows-amd64 )
# Problematic frame:
# C  0x000000007a9ec750
#
# If you would like to submit a bug report, please visit:
#   http://java.sun.com/webapps/bugreport/crash.jsp
# The crash happened outside the Java Virtual Machine in native code.
# See problematic frame for where to report the bug.
#

---------------  T H R E A D  ---------------

Current thread (0x00000000360f3800):  JavaThread "AWT-EventQueue-0" [_thread_in_native, id=5452, stack(0x0000000036b70000,0x0000000036bf0000)]

siginfo: ExceptionCode=0xc0000005, reading address 0x0000000000000008

Registers:
EAX=0x000000000000000d, EBX=0x00000000360f39b8, ECX=0x0000000000000000, EDX=0x000000007701298a
ESP=0x0000000036bee8e8, EBP=0x00000000372e3dc0, ESI=0x00000000360f39b8, EDI=0x000000003b589ff0
EIP=0x000000007a9ec750, EFLAGS=0x0000000000010202

Top of Stack: (sp=0x0000000036bee8e8)
0x0000000036bee8e8:   000000007a99589c 0000000000000000
0x0000000036bee8f8:   00000000360f39b8 00000000372e3dc0
0x0000000036bee908:   00000000360f39b8 0000000000000007
0x0000000036bee918:   00000000360f39b8 0000000019f2e848
0x0000000036bee928:   000000007a973810 00000000360f39b8
0x0000000036bee938:   0000000036beefe0 0000000036beefb8
0x0000000036bee948:   00000000372e3dc0 0000000016b8b858
0x0000000036bee958:   000000007a992151 0000000200000000
0x0000000036bee968:   0000000036beefc0 0000000000000000
0x0000000036bee978:   0000000036beefb8 0000000000000013
0x0000000036bee988:   00000000206e24d0 000000000000001c
0x0000000036bee998:   0000000000000018 0000000000000014
0x0000000036bee9a8:   0000000000000010 0000000000000000
0x0000000036bee9b8:   0000000000000001 0000000000000000
0x0000000036bee9c8:   0000000017319be0 0000000036beea40
0x0000000036bee9d8:   0000000013755ac2 0000000036beea40 

Instructions: (pc=0x000000007a9ec750)
0x000000007a9ec740:   48 8b 41 08 48 8b 80 18 0c 00 00 c3 cc cc cc cc
0x000000007a9ec750:   48 8b 49 08 48 85 c9 74 05 e9 72 f6 fd ff 33 c0 


Stack: [0x0000000036b70000,0x0000000036bf0000],  sp=0x0000000036bee8e8,  free space=506k
Native frames: (J=compiled Java code, j=interpreted, Vv=VM code, C=native code)
C  0x000000007a9ec750

Java frames: (J=compiled Java code, j=interpreted, Vv=VM code)
J  sun.java2d.windows.GDIBlitLoops.nativeBlit(Lsun/java2d/SurfaceData;Lsun/java2d/SurfaceData;Lsun/java2d/pipe/Region;IIIIIIIIIZ)V
J  sun.java2d.windows.GDIBlitLoops.Blit(Lsun/java2d/SurfaceData;Lsun/java2d/SurfaceData;Ljava/awt/Composite;Lsun/java2d/pipe/Region;IIIIII)V
J  javax.swing.RepaintManager$PaintManager.paintDoubleBuffered(Ljavax/swing/JComponent;Ljava/awt/Image;Ljava/awt/Graphics;IIII)V
J  javax.swing.RepaintManager$PaintManager.paint(Ljavax/swing/JComponent;Ljavax/swing/JComponent;Ljava/awt/Graphics;IIII)Z
j  javax.swing.RepaintManager.paint(Ljavax/swing/JComponent;Ljavax/swing/JComponent;Ljava/awt/Graphics;IIII)V+52
j  javax.swing.JComponent.paint(Ljava/awt/Graphics;)V+225
j  java.awt.GraphicsCallback$PaintCallback.run(Ljava/awt/Component;Ljava/awt/Graphics;)V+2
j  sun.awt.SunGraphicsCallback.runOneComponent(Ljava/awt/Component;Ljava/awt/Rectangle;Ljava/awt/Graphics;Ljava/awt/Shape;I)V+155
j  sun.awt.SunGraphicsCallback.runComponents([Ljava/awt/Component;Ljava/awt/Graphics;I)V+104
j  java.awt.Container.paint(Ljava/awt/Graphics;)V+73
J  javax.swing.RepaintManager.paintDirtyRegions(Ljava/util/Map;)V
J  javax.swing.SystemEventQueueUtilities$ComponentWorkRequest.run()V
J  java.awt.EventDispatchThread.pumpOneEventForFilters(I)Z
J  java.awt.EventDispatchThread.pumpEventsForFilter(ILjava/awt/Conditional;Ljava/awt/EventFilter;)V
j  java.awt.EventDispatchThread.pumpEventsForHierarchy(ILjava/awt/Conditional;Ljava/awt/Component;)V+11
j  java.awt.EventDispatchThread.pumpEvents(ILjava/awt/Conditional;)V+4
j  java.awt.EventDispatchThread.pumpEvents(Ljava/awt/Conditional;)V+3
j  java.awt.EventDispatchThread.run()V+9
v  ~StubRoutines::call_stub

---------------  P R O C E S S  ---------------

Java Threads: ( => current thread )
  0x0000000037673000 JavaThread "Image Fetcher 0" daemon [_thread_blocked, id=7412, stack(0x000000003ad40000,0x000000003adc0000)]
  0x000000003767b000 JavaThread "Code Analyzer updating thread" [_thread_blocked, id=948, stack(0x00000000499d0000,0x0000000049a50000)]
  0x0000000037672800 JavaThread "Code Analyzer updating thread" [_thread_blocked, id=7912, stack(0x000000003acc0000,0x000000003ad40000)]
  0x000000003767c000 JavaThread "Code Analyzer updating thread" [_thread_blocked, id=6756, stack(0x000000003ac40000,0x000000003acc0000)]
  0x0000000037671800 JavaThread "Code Analyzer updating thread" [_thread_blocked, id=4300, stack(0x000000003abc0000,0x000000003ac40000)]
  0x0000000037671000 JavaThread "Code Analyzer updating thread" [_thread_blocked, id=6700, stack(0x000000003ab40000,0x000000003abc0000)]
  0x0000000037670800 JavaThread "Code Analyzer updating thread" [_thread_blocked, id=5100, stack(0x000000003aac0000,0x000000003ab40000)]
  0x000000003766f800 JavaThread "Code Analyzer updating thread" [_thread_blocked, id=1936, stack(0x000000003aa30000,0x000000003aab0000)]
  0x000000003610c000 JavaThread "Code Analyzer updating thread" [_thread_blocked, id=6564, stack(0x00000000397d0000,0x0000000039850000)]
  0x0000000036106800 JavaThread "Code Analyzer updating thread" [_thread_blocked, id=7896, stack(0x0000000041ef0000,0x0000000041f70000)]
  0x000000003610b000 JavaThread "Code Analyzer updating thread" [_thread_blocked, id=7416, stack(0x000000000fe80000,0x000000000ff00000)]
  0x000000003610a000 JavaThread "Code Analyzer updating thread" [_thread_blocked, id=4484, stack(0x0000000005950000,0x00000000059d0000)]
  0x000000003767a800 JavaThread "Foxtrot Multi Worker Thread Runner #1" daemon [_thread_blocked, id=4496, stack(0x0000000041e10000,0x0000000041e90000)]
  0x0000000037676000 JavaThread "RequestQueue for GenericFileList" [_thread_blocked, id=4044, stack(0x000000003e110000,0x000000003e190000)]
  0x0000000036109800 JavaThread "Active Reference Queue Daemon" daemon [_thread_blocked, id=7932, stack(0x000000003a9a0000,0x000000003aa20000)]
  0x0000000036108000 JavaThread "Timer-5" daemon [_thread_blocked, id=1900, stack(0x000000003a920000,0x000000003a9a0000)]
  0x0000000036108800 JavaThread "Timer-4" daemon [_thread_blocked, id=2776, stack(0x000000003a8a0000,0x000000003a920000)]
  0x0000000036107000 JavaThread "Prefs Updater" daemon [_thread_blocked, id=4756, stack(0x000000003a820000,0x000000003a8a0000)]
  0x0000000036105800 JavaThread "Timer-1" [_thread_blocked, id=8140, stack(0x0000000039750000,0x00000000397d0000)]
  0x0000000036105000 JavaThread "FelixPackageAdmin" daemon [_thread_blocked, id=2736, stack(0x0000000037dd0000,0x0000000037e50000)]
  0x0000000035f5a800 JavaThread "FelixStartLevel" daemon [_thread_blocked, id=5220, stack(0x0000000037d50000,0x0000000037dd0000)]
  0x00000000362e6000 JavaThread "FelixDispatchQueue" daemon [_thread_blocked, id=7984, stack(0x0000000037cd0000,0x0000000037d50000)]
  0x00000000362ff000 JavaThread "TimerQueue" daemon [_thread_blocked, id=6416, stack(0x0000000036c00000,0x0000000036c80000)]
=>0x00000000360f3800 JavaThread "AWT-EventQueue-0" [_thread_in_native, id=5452, stack(0x0000000036b70000,0x0000000036bf0000)]
  0x0000000036013000 JavaThread "AWT-Windows" daemon [_thread_in_native, id=7076, stack(0x00000000364c0000,0x0000000036540000)]
  0x0000000036012800 JavaThread "AWT-Shutdown" [_thread_blocked, id=5576, stack(0x0000000036440000,0x00000000364c0000)]
  0x00000000360a9000 JavaThread "Java2D Disposer" daemon [_thread_blocked, id=7084, stack(0x00000000363c0000,0x0000000036440000)]
  0x0000000035765800 JavaThread "Timer-0" [_thread_blocked, id=7036, stack(0x0000000035a80000,0x0000000035b00000)]
  0x0000000035741800 JavaThread "JMI Unnamed Thread" [_thread_in_native, id=5140, stack(0x0000000012350000,0x0000000013750000)]
  0x0000000030592000 JavaThread "Low Memory Detector" daemon [_thread_blocked, id=7544, stack(0x000000000ff80000,0x0000000010000000)]
  0x000000003058a800 JavaThread "CompilerThread1" daemon [_thread_in_native, id=6336, stack(0x0000000032e80000,0x0000000034280000)]
  0x0000000030584800 JavaThread "CompilerThread0" daemon [_thread_blocked, id=5728, stack(0x0000000031a80000,0x0000000032e80000)]
  0x0000000030582000 JavaThread "Attach Listener" daemon [_thread_blocked, id=7668, stack(0x000000000ff00000,0x000000000ff80000)]
  0x000000003052b800 JavaThread "Finalizer" daemon [_thread_blocked, id=7812, stack(0x000000000f0b0000,0x000000000f130000)]
  0x0000000030525800 JavaThread "Reference Handler" daemon [_thread_blocked, id=6160, stack(0x0000000009c30000,0x0000000009cb0000)]
  0x0000000001b0f800 JavaThread "main" [_thread_in_native, id=8096, stack(0x0000000000030000,0x0000000001430000)]

Other Threads:
  0x0000000030522000 VMThread [stack: 0x0000000030680000,0x0000000031a80000] [id=5868]
  0x00000000305bd800 WatcherThread [stack: 0x0000000034280000,0x0000000035680000] [id=7200]

VM state:not at safepoint (normal execution)

VM Mutex/Monitor currently owned by a thread: None

Heap
 PSYoungGen      total 16192K, used 8367K [0x0000000027a50000, 0x0000000028a50000, 0x000000002ab50000)
  eden space 16000K, 52% used [0x0000000027a50000,0x000000002827bf80,0x00000000289f0000)
  from space 192K, 0% used [0x00000000289f0000,0x00000000289f0000,0x0000000028a20000)
  to   space 192K, 0% used [0x0000000028a20000,0x0000000028a20000,0x0000000028a50000)
 PSOldGen        total 150528K, used 88330K [0x000000001e750000, 0x0000000027a50000, 0x0000000027a50000)
  object space 150528K, 58% used [0x000000001e750000,0x0000000023d92890,0x0000000027a50000)
 PSPermGen       total 101760K, used 57215K [0x0000000016750000, 0x000000001cab0000, 0x000000001e750000)
  object space 101760K, 56% used [0x0000000016750000,0x0000000019f2fcf8,0x000000001cab0000)

Dynamic libraries:
0x0000000140000000 - 0x0000000140029000 	C:\Program Files\MATLAB\R2010b\bin\win64\MATLAB.exe
0x00000000771c0000 - 0x000000007736c000 	C:\Windows\SYSTEM32\ntdll.dll
0x00000000770a0000 - 0x00000000771bf000 	C:\Windows\system32\kernel32.dll
0x000007fefd340000 - 0x000007fefd3ac000 	C:\Windows\system32\KERNELBASE.dll
0x000000007d080000 - 0x000000007d18e000 	C:\Program Files\MATLAB\R2010b\bin\win64\libut.dll
0x0000000180000000 - 0x000000018007c000 	C:\Program Files\MATLAB\R2010b\bin\win64\libmwi18n.dll
0x0000000001470000 - 0x0000000001480000 	C:\Program Files\MATLAB\R2010b\bin\win64\boost_date_time-vc80-mt-1_40.dll
0x0000000074b60000 - 0x0000000074c69000 	C:\Windows\WinSxS\amd64_microsoft.vc80.crt_1fc8b3b9a1e18e3b_8.0.50727.6195_none_88e41e092fab0294\MSVCP80.dll
0x0000000074c70000 - 0x0000000074d39000 	C:\Windows\WinSxS\amd64_microsoft.vc80.crt_1fc8b3b9a1e18e3b_8.0.50727.6195_none_88e41e092fab0294\MSVCR80.dll
0x000007feff310000 - 0x000007feff3af000 	C:\Windows\system32\msvcrt.dll
0x0000000001610000 - 0x000000000162b000 	C:\Program Files\MATLAB\R2010b\bin\win64\boost_filesystem-vc80-mt-1_40.dll
0x0000000001630000 - 0x0000000001639000 	C:\Program Files\MATLAB\R2010b\bin\win64\boost_system-vc80-mt-1_40.dll
0x0000000001650000 - 0x0000000001663000 	C:\Program Files\MATLAB\R2010b\bin\win64\boost_thread-vc80-mt-1_40.dll
0x000000007d880000 - 0x000000007d8a8000 	C:\Program Files\MATLAB\R2010b\bin\win64\LIBEXPAT.dll
0x000000007cce0000 - 0x000000007ce59000 	C:\Program Files\MATLAB\R2010b\bin\win64\icuin42.dll
0x000000007d590000 - 0x000000007d6ca000 	C:\Program Files\MATLAB\R2010b\bin\win64\icuuc42.dll
0x000007fefdb90000 - 0x000007fefdc6b000 	C:\Windows\system32\ADVAPI32.dll
0x000007fefdb60000 - 0x000007fefdb7f000 	C:\Windows\SYSTEM32\sechost.dll
0x000007fefd810000 - 0x000007fefd93e000 	C:\Windows\system32\RPCRT4.dll
0x0000000010000000 - 0x0000000010f47000 	C:\Program Files\MATLAB\R2010b\bin\win64\icudt42.dll
0x0000000078a10000 - 0x0000000078b49000 	C:\Program Files\MATLAB\R2010b\bin\win64\libmwfl.dll
0x000007fefd940000 - 0x000007fefd957000 	C:\Windows\system32\imagehlp.dll
0x0000000077380000 - 0x0000000077387000 	C:\Windows\system32\PSAPI.DLL
0x00000000016c0000 - 0x00000000017a6000 	C:\Program Files\MATLAB\R2010b\bin\win64\boost_regex-vc80-mt-1_40.dll
0x0000000076fa0000 - 0x000000007709a000 	C:\Windows\system32\USER32.dll
0x000007feff010000 - 0x000007feff077000 	C:\Windows\system32\GDI32.dll
0x000007fefdb80000 - 0x000007fefdb8e000 	C:\Windows\system32\LPK.dll
0x000007fefda90000 - 0x000007fefdb5a000 	C:\Windows\system32\USP10.dll
0x00000000017c0000 - 0x00000000017d4000 	C:\Program Files\MATLAB\R2010b\bin\win64\boost_signals-vc80-mt-1_40.dll
0x00000000017f0000 - 0x000000000182e000 	C:\Program Files\MATLAB\R2010b\bin\win64\tbb.dll
0x000000007cab0000 - 0x000000007cac0000 	C:\Program Files\MATLAB\R2010b\bin\win64\icuio42.dll
0x000000007d200000 - 0x000000007d460000 	C:\Program Files\MATLAB\R2010b\bin\win64\libmwservices.dll
0x000000007d190000 - 0x000000007d1fd000 	C:\Program Files\MATLAB\R2010b\bin\win64\libmx.dll
0x00000000791e0000 - 0x00000000791f7000 	C:\Program Files\MATLAB\R2010b\bin\win64\zlib1.dll
0x000000007d460000 - 0x000000007d58e000 	C:\Program Files\MATLAB\R2010b\bin\win64\libmwmathutil.dll
0x000000007acf0000 - 0x000000007ad51000 	C:\Program Files\MATLAB\R2010b\bin\win64\mpath.dll
0x000000007d8b0000 - 0x000000007db80000 	C:\Program Files\MATLAB\R2010b\bin\win64\mlutil.dll
0x000000007eb00000 - 0x000000007eb8b000 	C:\Program Files\MATLAB\R2010b\bin\win64\xmlcore.dll
0x000000007a670000 - 0x000000007a905000 	C:\Program Files\MATLAB\R2010b\bin\win64\xerces-c_2_7.dll
0x000007fefd590000 - 0x000007fefd5dd000 	C:\Windows\system32\WS2_32.dll
0x000007fefeae0000 - 0x000007fefeae8000 	C:\Windows\system32\NSI.dll
0x000007fefdd50000 - 0x000007fefead6000 	C:\Windows\system32\SHELL32.dll
0x000007fefeaf0000 - 0x000007fefeb61000 	C:\Windows\system32\SHLWAPI.dll
0x000007fef3240000 - 0x000007fef32e0000 	C:\Windows\WinSxS\amd64_microsoft.windows.common-controls_6595b64144ccf1df_5.82.7600.16661_none_a44e1fc257f685f6\COMCTL32.dll
0x000007fefd4f0000 - 0x000007fefd588000 	C:\Windows\system32\comdlg32.dll
0x000007fefa920000 - 0x000007fefa936000 	C:\Windows\system32\NETAPI32.dll
0x000007fefa910000 - 0x000007fefa91c000 	C:\Windows\system32\netutils.dll
0x000007fefcc70000 - 0x000007fefcc93000 	C:\Windows\system32\srvcli.dll
0x000007fefa8f0000 - 0x000007fefa905000 	C:\Windows\system32\wkscli.dll
0x000000007b0c0000 - 0x000000007b17a000 	C:\Program Files\MATLAB\R2010b\bin\win64\mcr.dll
0x000000007cac0000 - 0x000000007cb74000 	C:\Program Files\MATLAB\R2010b\bin\win64\iqm.dll
0x000000007b860000 - 0x000000007bfdf000 	C:\Program Files\MATLAB\R2010b\bin\win64\m_interpreter.dll
0x000000007cba0000 - 0x000000007cbb0000 	C:\Program Files\MATLAB\R2010b\bin\win64\libmex.dll
0x000000007af40000 - 0x000000007afd6000 	C:\Program Files\MATLAB\R2010b\bin\win64\m_dispatcher.dll
0x000000007ade0000 - 0x000000007ae71000 	C:\Program Files\MATLAB\R2010b\bin\win64\profiler.dll
0x000000007cc20000 - 0x000000007cc51000 	C:\Program Files\MATLAB\R2010b\bin\win64\libmwmathrng.dll
0x0000000079130000 - 0x000000007914a000 	C:\Program Files\MATLAB\R2010b\bin\win64\m_pcodeio.dll
0x000000007aca0000 - 0x000000007aced000 	C:\Program Files\MATLAB\R2010b\bin\win64\m_ir.dll
0x000000007b240000 - 0x000000007b856000 	C:\Program Files\MATLAB\R2010b\bin\win64\m_parser.dll
0x000000007cb80000 - 0x000000007cb93000 	C:\Program Files\MATLAB\R2010b\bin\win64\ir_xfmr.dll
0x0000000078b50000 - 0x0000000078d89000 	C:\Program Files\MATLAB\R2010b\bin\win64\mcos.dll
0x000000007cc70000 - 0x000000007cc7c000 	C:\Program Files\MATLAB\R2010b\bin\win64\mtok.dll
0x0000000079110000 - 0x0000000079130000 	C:\Program Files\MATLAB\R2010b\bin\win64\m_pcodegen.dll
0x0000000078300000 - 0x0000000078356000 	C:\Program Files\MATLAB\R2010b\bin\win64\libmwspmatrix.dll
0x000007fef7570000 - 0x000007fef7695000 	C:\Windows\system32\dbghelp.dll
0x0000000078360000 - 0x000000007838c000 	C:\Program Files\MATLAB\R2010b\bin\win64\libmwbridge.dll
0x000000007c720000 - 0x000000007c7e0000 	C:\Program Files\MATLAB\R2010b\bin\win64\udd.dll
0x000000007d6d0000 - 0x000000007d82b000 	C:\Program Files\MATLAB\R2010b\bin\win64\libmwgui.dll
0x0000000079250000 - 0x0000000079ad7000 	C:\Program Files\MATLAB\R2010b\bin\win64\hg.dll
0x0000000079030000 - 0x0000000079087000 	C:\Program Files\MATLAB\R2010b\bin\win64\libmat.dll
0x000000007ce60000 - 0x000000007d07b000 	C:\Program Files\MATLAB\R2010b\bin\win64\libhdf5.dll
0x000000007aba0000 - 0x000000007ac24000 	C:\Program Files\MATLAB\R2010b\bin\win64\jmi.dll
0x000000007aae0000 - 0x000000007ab1f000 	C:\Program Files\MATLAB\R2010b\bin\win64\libmwhardcopy.dll
0x000000007ac30000 - 0x000000007ac98000 	C:\Program Files\MATLAB\R2010b\bin\win64\libuij.dll
0x0000000078800000 - 0x00000000789f4000 	C:\Program Files\MATLAB\R2010b\bin\win64\hgdatatypes.dll
0x0000000078740000 - 0x00000000787fa000 	C:\Program Files\MATLAB\R2010b\bin\win64\hgutils.dll
0x0000000079090000 - 0x000000007910c000 	C:\Program Files\MATLAB\R2010b\bin\win64\libmwlapack.dll
0x000000007cbc0000 - 0x000000007cbd3000 	C:\Program Files\MATLAB\R2010b\bin\win64\libmwbinder.dll
0x000000007c7e0000 - 0x000000007caa9000 	C:\Program Files\MATLAB\R2010b\bin\win64\uiw.dll
0x000000007ccd0000 - 0x000000007ccda000 	C:\Program Files\MATLAB\R2010b\bin\win64\uinone.dll
0x0000000073660000 - 0x00000000737fc000 	C:\Windows\WinSxS\amd64_microsoft.vc80.mfc_1fc8b3b9a1e18e3b_8.0.50727.6195_none_8448b2bd328df189\MFC80.DLL
0x000007fef7de0000 - 0x000007fef7e50000 	C:\Windows\system32\WINSPOOL.DRV
0x000007fefee00000 - 0x000007feff002000 	C:\Windows\system32\ole32.dll
0x000007fefdc70000 - 0x000007fefdd47000 	C:\Windows\system32\OLEAUT32.dll
0x000000007b180000 - 0x000000007b231000 	C:\Program Files\MATLAB\R2010b\bin\win64\udd_mi.dll
0x0000000079150000 - 0x0000000079168000 	C:\Program Files\MATLAB\R2010b\bin\win64\mwoles05.DLL
0x000000007ad60000 - 0x000000007add3000 	C:\Program Files\MATLAB\R2010b\bin\win64\comcli.dll
0x0000000073310000 - 0x0000000073330000 	C:\Windows\WinSxS\amd64_microsoft.vc80.atl_1fc8b3b9a1e18e3b_8.0.50727.6195_none_8a1dd9552ed7f8d8\ATL80.DLL
0x000000007cc60000 - 0x000000007cc6e000 	C:\Program Files\MATLAB\R2010b\bin\win64\mlautoregister.dll
0x000007feff080000 - 0x000007feff0ae000 	C:\Windows\system32\IMM32.DLL
0x000007fefecf0000 - 0x000007fefedf9000 	C:\Windows\system32\MSCTF.dll
0x0000000073650000 - 0x000000007365d000 	C:\Windows\WinSxS\amd64_microsoft.vc80.mfcloc_1fc8b3b9a1e18e3b_8.0.50727.6195_none_bc20f59b0bdd1acd\MFC80ENU.DLL
0x000007fefd120000 - 0x000007fefd12f000 	C:\Windows\system32\profapi.dll
0x000007fefd050000 - 0x000007fefd05f000 	C:\Windows\system32\CRYPTBASE.dll
0x000007fefbb40000 - 0x000007fefbb96000 	C:\Windows\system32\uxtheme.dll
0x000007fefbd20000 - 0x000007fefbf14000 	C:\Windows\WinSxS\amd64_microsoft.windows.common-controls_6595b64144ccf1df_6.0.7600.16661_none_fa62ad231704eab7\comctl32.dll
0x000007fefd5e0000 - 0x000007fefd7b7000 	C:\Windows\system32\SETUPAPI.dll
0x000007fefd4b0000 - 0x000007fefd4e6000 	C:\Windows\system32\CFGMGR32.dll
0x000007fefd3f0000 - 0x000007fefd40a000 	C:\Windows\system32\DEVOBJ.dll
0x000007feff3b0000 - 0x000007feff449000 	C:\Windows\system32\CLBCatQ.DLL
0x000007fefbba0000 - 0x000007fefbccc000 	C:\Windows\system32\propsys.dll
0x000007fefc030000 - 0x000007fefc05d000 	C:\Windows\system32\ntmarta.dll
0x000007fefd7c0000 - 0x000007fefd810000 	C:\Windows\system32\WLDAP32.dll
0x0000000071690000 - 0x0000000071693000 	C:\Windows\system32\icmp.Dll
0x000007fefa610000 - 0x000007fefa637000 	C:\Windows\system32\iphlpapi.DLL
0x000007fefa600000 - 0x000007fefa60b000 	C:\Windows\system32\WINNSI.DLL
0x000007fefcfc0000 - 0x000007fefcfe5000 	C:\Windows\system32\SspiCli.dll
0x000007fefb330000 - 0x000007fefb345000 	C:\Windows\system32\NLAapi.dll
0x000007fefc990000 - 0x000007fefc9e4000 	C:\Windows\System32\mswsock.dll
0x000007fefc810000 - 0x000007fefc86b000 	C:\Windows\system32\DNSAPI.dll
0x000007fef7e90000 - 0x000007fef7e9b000 	C:\Windows\System32\winrnr.dll
0x000007fef7e70000 - 0x000007fef7e85000 	C:\Windows\system32\napinsp.dll
0x000007fef7e50000 - 0x000007fef7e69000 	C:\Windows\system32\pnrpnsp.dll
0x000007fefa1a0000 - 0x000007fefa1f3000 	C:\Windows\System32\fwpuclnt.dll
0x000007fef85a0000 - 0x000007fef85a8000 	C:\Windows\system32\rasadhlp.dll
0x000007fefc360000 - 0x000007fefc367000 	C:\Windows\System32\wshtcpip.dll
0x000007fefa130000 - 0x000007fefa141000 	C:\Windows\system32\dhcpcsvc6.DLL
0x000007fefa110000 - 0x000007fefa128000 	C:\Windows\system32\dhcpcsvc.DLL
0x000000006d7f0000 - 0x000000006de4d000 	C:\Program Files\MATLAB\R2010b\sys\java\jre\win64\jre\bin\server\jvm.dll
0x000007fefb040000 - 0x000007fefb07b000 	C:\Windows\system32\WINMM.dll
0x000007fefb4d0000 - 0x000007fefb4e8000 	C:\Windows\system32\dwmapi.dll
0x000000007af10000 - 0x000000007af1e000 	C:\Program Files\MATLAB\R2010b\sys\java\jre\win64\jre\bin\verify.dll
0x0000000079200000 - 0x0000000079227000 	C:\Program Files\MATLAB\R2010b\sys\java\jre\win64\jre\bin\java.dll
0x000000007aef0000 - 0x000000007aefa000 	C:\Program Files\MATLAB\R2010b\sys\java\jre\win64\jre\bin\hpi.dll
0x000000007af20000 - 0x000000007af32000 	C:\Program Files\MATLAB\R2010b\sys\java\jre\win64\jre\bin\zip.dll
0x0000000079170000 - 0x0000000079194000 	C:\Program Files\MATLAB\R2010b\bin\win64\nativejava.dll
0x000007fefacf0000 - 0x000007fefad08000 	C:\Windows\system32\MPR.dll
0x00000000791a0000 - 0x00000000791da000 	C:\Program Files\MATLAB\R2010b\bin\win64\nativejmi.dll

VM Arguments:
jvm_args: -Xss512k -XX:PermSize=32m -Xms64m -XX:NewRatio=3 -XX:MaxPermSize=128m -Xmx196m -XX:MaxDirectMemorySize=2147400000 -Dsun.java2d.noddraw=true -Dsun.awt.nopixfmt=true -Xshare:off -Xrs -Dsun.awt.disableMixing=true -Djava.library.path=C:\Program Files\MATLAB\R2010b\bin\win64 vfprintf abort 
java_command: <unknown>
Launcher Type: generic

Environment Variables:
PATH=C:\Program Files (x86)\MiKTeX 2.8\miktex\bin;C:\Windows\system32;C:\Windows;C:\Windows\System32\Wbem;C:\Windows\System32\WindowsPowerShell\v1.0\;C:\Program Files\MATLAB\R2010b\runtime\win64;C:\Program Files\MATLAB\R2010b\bin
USERNAME=h2sarbis
OS=Windows_NT
PROCESSOR_IDENTIFIER=Intel64 Family 6 Model 30 Stepping 5, GenuineIntel



---------------  S Y S T E M  ---------------

OS: Windows 7 Build 7600 

CPU:total 4 (8 cores per cpu, 2 threads per core) family 6 model 30 stepping 5, cmov, cx8, fxsr, mmx, sse, sse2, sse3, ssse3, sse4.1, sse4.2, ht

Memory: 4k page, physical 4159540k(1328648k free), swap 8317180k(3942636k free)

vm_info: Java HotSpot(TM) 64-Bit Server VM (14.3-b01) for windows-amd64 JRE (1.6.0_17-b04), built on Oct 11 2009 00:46:08 by "java_re" with MS VC++ 8.0

time: Mon Dec 12 13:01:45 2011
elapsed time: 266615 seconds

