#
# A fatal error has been detected by the Java Runtime Environment:
#
#  EXCEPTION_ACCESS_VIOLATION (0xc0000005) at pc=0x000000007322c750, pid=1616, tid=2300
#
# JRE version: 6.0_17-b04
# Java VM: Java HotSpot(TM) 64-Bit Server VM (14.3-b01 mixed mode windows-amd64 )
# Problematic frame:
# C  0x000000007322c750
#
# If you would like to submit a bug report, please visit:
#   http://java.sun.com/webapps/bugreport/crash.jsp
# The crash happened outside the Java Virtual Machine in native code.
# See problematic frame for where to report the bug.
#

---------------  T H R E A D  ---------------

Current thread (0x000000000f4c2800):  JavaThread "AWT-EventQueue-0" [_thread_in_native, id=2300, stack(0x000000005c940000,0x000000005c9c0000)]

siginfo: ExceptionCode=0xc0000005, reading address 0x0000000000000008

Registers:
EAX=0x000000000000000d, EBX=0x000000000f4c29b8, ECX=0x0000000000000000, EDX=0x000000000a01194c
ESP=0x000000005c9be248, EBP=0x000000006b00f5e0, ESI=0x000000000f4c29b8, EDI=0x000000006bd2c870
EIP=0x000000007322c750, EFLAGS=0x0000000000010202

Top of Stack: (sp=0x000000005c9be248)
0x000000005c9be248:   00000000731d589c 0000000000000000
0x000000005c9be258:   000000000f4c29b8 000000006b00f5e0
0x000000005c9be268:   000000000f4c29b8 000000004d61e158
0x000000005c9be278:   000000000f4c29b8 00000000403c0cb0
0x000000005c9be288:   00000000731b3810 000000000f4c29b8
0x000000005c9be298:   000000005c9be960 000000005c9be9d8
0x000000005c9be2a8:   000000006b00f5e0 000000004e3bbfb0
0x000000005c9be2b8:   00000000731d2151 4033000000000000
0x000000005c9be2c8:   000000005c9be9d0 0000000000000000
0x000000005c9be2d8:   000000005c9be9d8 000000004dd6ae58
0x000000005c9be2e8:   000000003944566c 0000000044a04d40
0x000000005c9be2f8:   000000003991639c 000000004e3bbfb0
0x000000005c9be308:   0000001300000020 00000000443749c8
0x000000005c9be318:   4040000000000000 000000004dd6ae58
0x000000005c9be328:   000000004dd6ad98 000000005c9be3a8
0x000000005c9be338:   0000000039185ac2 0000000039185ac2 

Instructions: (pc=0x000000007322c750)
0x000000007322c740:   48 8b 41 08 48 8b 80 18 0c 00 00 c3 cc cc cc cc
0x000000007322c750:   48 8b 49 08 48 85 c9 74 05 e9 72 f6 fd ff 33 c0 


Stack: [0x000000005c940000,0x000000005c9c0000],  sp=0x000000005c9be248,  free space=504k
Native frames: (J=compiled Java code, j=interpreted, Vv=VM code, C=native code)
C  0x000000007322c750

Java frames: (J=compiled Java code, j=interpreted, Vv=VM code)
j  sun.java2d.windows.GDIBlitLoops.nativeBlit(Lsun/java2d/SurfaceData;Lsun/java2d/SurfaceData;Lsun/java2d/pipe/Region;IIIIIIIIIZ)V+0
j  sun.java2d.windows.GDIBlitLoops.Blit(Lsun/java2d/SurfaceData;Lsun/java2d/SurfaceData;Ljava/awt/Composite;Lsun/java2d/pipe/Region;IIIIII)V+33
j  sun.java2d.pipe.DrawImage.blitSurfaceData(Lsun/java2d/SunGraphics2D;Lsun/java2d/pipe/Region;Lsun/java2d/SurfaceData;Lsun/java2d/SurfaceData;Lsun/java2d/loops/SurfaceType;Lsun/java2d/loops/SurfaceType;IIIIIILjava/awt/Color;)V+97
j  sun.java2d.pipe.DrawImage.renderImageCopy(Lsun/java2d/SunGraphics2D;Ljava/awt/Image;Ljava/awt/Color;IIIIII)Z+75
j  sun.java2d.pipe.DrawImage.copyImage(Lsun/java2d/SunGraphics2D;Ljava/awt/Image;IILjava/awt/Color;)Z+45
j  sun.java2d.pipe.DrawImage.copyImage(Lsun/java2d/SunGraphics2D;Ljava/awt/Image;IILjava/awt/Color;Ljava/awt/image/ImageObserver;)Z+15
J  sun.java2d.SunGraphics2D.drawImage(Ljava/awt/Image;IILjava/awt/Color;Ljava/awt/image/ImageObserver;)Z
J  javax.swing.RepaintManager$PaintManager.paintDoubleBuffered(Ljavax/swing/JComponent;Ljava/awt/Image;Ljava/awt/Graphics;IIII)V
J  javax.swing.RepaintManager$PaintManager.paint(Ljavax/swing/JComponent;Ljavax/swing/JComponent;Ljava/awt/Graphics;IIII)Z
j  javax.swing.BufferStrategyPaintManager.paint(Ljavax/swing/JComponent;Ljavax/swing/JComponent;Ljava/awt/Graphics;IIII)Z+224
j  javax.swing.RepaintManager.paint(Ljavax/swing/JComponent;Ljavax/swing/JComponent;Ljava/awt/Graphics;IIII)V+52
J  javax.swing.JComponent.paint(Ljava/awt/Graphics;)V
j  java.awt.GraphicsCallback$PaintCallback.run(Ljava/awt/Component;Ljava/awt/Graphics;)V+2
j  sun.awt.SunGraphicsCallback.runOneComponent(Ljava/awt/Component;Ljava/awt/Rectangle;Ljava/awt/Graphics;Ljava/awt/Shape;I)V+155
j  sun.awt.SunGraphicsCallback.runComponents([Ljava/awt/Component;Ljava/awt/Graphics;I)V+104
j  java.awt.Container.paint(Ljava/awt/Graphics;)V+73
J  javax.swing.RepaintManager.paintDirtyRegions(Ljava/util/Map;)V
j  javax.swing.RepaintManager.paintDirtyRegions()V+46
j  javax.swing.RepaintManager.seqPaintDirtyRegions()V+73
j  javax.swing.SystemEventQueueUtilities$ComponentWorkRequest.run()V+36
J  java.awt.EventDispatchThread.pumpOneEventForFilters(I)Z
J  java.awt.EventDispatchThread.pumpEventsForFilter(ILjava/awt/Conditional;Ljava/awt/EventFilter;)V
j  java.awt.EventDispatchThread.pumpEventsForHierarchy(ILjava/awt/Conditional;Ljava/awt/Component;)V+11
j  java.awt.EventDispatchThread.pumpEvents(ILjava/awt/Conditional;)V+4
j  java.awt.EventDispatchThread.pumpEvents(Ljava/awt/Conditional;)V+3
j  java.awt.EventDispatchThread.run()V+9
v  ~StubRoutines::call_stub

---------------  P R O C E S S  ---------------

Java Threads: ( => current thread )
  0x000000000fe0a000 JavaThread "Code Analyzer updating thread" [_thread_blocked, id=5064, stack(0x000000001c910000,0x000000001c990000)]
  0x000000000fe0a800 JavaThread "Timer-1821" daemon [_thread_blocked, id=4912, stack(0x000000001ce50000,0x000000001ced0000)]
  0x000000000fe0b000 JavaThread "Main message loop" daemon [_thread_in_native, id=1628, stack(0x000000001cdd0000,0x000000001ce50000)]
  0x000000000f750800 JavaThread "com.jniwrapper.NativeResourceCollector" daemon [_thread_blocked, id=4704, stack(0x0000000022f80000,0x0000000023000000)]
  0x000000000f748000 JavaThread "pool-2-thread-1" [_thread_blocked, id=4956, stack(0x000000001b1c0000,0x000000001b240000)]
  0x000000000f751800 JavaThread "Swing-Shell" daemon [_thread_blocked, id=5012, stack(0x0000000019c10000,0x0000000019c90000)]
  0x000000000f752000 JavaThread "Code Analyzer updating thread" [_thread_blocked, id=3784, stack(0x00000000158e0000,0x0000000015960000)]
  0x000000000f753800 JavaThread "Prefs Updater" daemon [_thread_blocked, id=2284, stack(0x0000000015100000,0x0000000015180000)]
  0x000000000f74f000 JavaThread "Code Analyzer updating thread" [_thread_blocked, id=2752, stack(0x000000006bfe0000,0x000000006c060000)]
  0x000000000f74e800 JavaThread "Code Analyzer updating thread" [_thread_blocked, id=2628, stack(0x000000006bf40000,0x000000006bfc0000)]
  0x000000000f74d800 JavaThread "Code Analyzer updating thread" [_thread_blocked, id=2812, stack(0x000000006beb0000,0x000000006bf30000)]
  0x000000000f74d000 JavaThread "Active Reference Queue Daemon" daemon [_thread_blocked, id=3080, stack(0x000000006be00000,0x000000006be80000)]
  0x000000000f74b800 JavaThread "Timer-7" daemon [_thread_blocked, id=1644, stack(0x000000006a210000,0x000000006a290000)]
  0x000000000f74c800 JavaThread "Timer-6" daemon [_thread_blocked, id=3096, stack(0x000000006a110000,0x000000006a190000)]
  0x000000000f74b000 JavaThread "Explorer NavigationContext request queue" [_thread_blocked, id=3648, stack(0x0000000069fd0000,0x000000006a050000)]
  0x000000000f749800 JavaThread "AddressBar directory emptiness poller" [_thread_blocked, id=2304, stack(0x0000000069f20000,0x0000000069fa0000)]
  0x000000000f748800 JavaThread "Explorer Refresh Service 333343721" [_thread_blocked, id=3468, stack(0x0000000069e00000,0x0000000069e80000)]
  0x000000000f747000 JavaThread "Timer-1" daemon [_thread_blocked, id=2040, stack(0x0000000069b90000,0x0000000069c10000)]
  0x000000000f746000 JavaThread "TimerQueue" daemon [_thread_blocked, id=2956, stack(0x0000000050580000,0x0000000050600000)]
  0x000000000f745000 JavaThread "Thread-5" daemon [_thread_blocked, id=2660, stack(0x000000000d080000,0x000000000d100000)]
  0x000000000f744800 JavaThread "FelixPackageAdmin" daemon [_thread_blocked, id=2872, stack(0x0000000068b90000,0x0000000068c10000)]
  0x000000000f5bd800 JavaThread "FelixStartLevel" daemon [_thread_blocked, id=280, stack(0x0000000068de0000,0x0000000068e60000)]
  0x000000000f5bc000 JavaThread "FelixDispatchQueue" daemon [_thread_blocked, id=1036, stack(0x0000000068cf0000,0x0000000068d70000)]
=>0x000000000f4c2800 JavaThread "AWT-EventQueue-0" [_thread_in_native, id=2300, stack(0x000000005c940000,0x000000005c9c0000)]
  0x000000000f481000 JavaThread "com.google.common.base.internal.Finalizer" daemon [_thread_blocked, id=1368, stack(0x0000000060a60000,0x0000000060ae0000)]
  0x000000000f3d9800 JavaThread "AWT-Windows" daemon [_thread_in_native, id=3148, stack(0x0000000050600000,0x0000000050680000)]
  0x000000000f3d8800 JavaThread "AWT-Shutdown" [_thread_blocked, id=2808, stack(0x00000000546e0000,0x0000000054760000)]
  0x000000000f3d8000 JavaThread "Java2D Disposer" daemon [_thread_blocked, id=3920, stack(0x0000000028fc0000,0x0000000029040000)]
  0x000000000f038000 JavaThread "Timer-0" [_thread_blocked, id=1620, stack(0x000000000ff60000,0x000000000ffe0000)]
  0x000000000ebe7000 JavaThread "EventMgr Dispatcher" daemon [_thread_in_native, id=3780, stack(0x0000000008680000,0x000000000c680000)]
  0x000000000dfd6000 JavaThread "Low Memory Detector" daemon [_thread_blocked, id=2404, stack(0x000000000e250000,0x000000000e2d0000)]
  0x000000000dfce000 JavaThread "CompilerThread1" daemon [_thread_blocked, id=2408, stack(0x0000000080000000,0x0000000084000000)]
  0x000000000dfc8000 JavaThread "CompilerThread0" daemon [_thread_blocked, id=2412, stack(0x0000000064b10000,0x0000000068b10000)]
  0x000000000dfc6000 JavaThread "Attach Listener" daemon [_thread_blocked, id=2624, stack(0x000000000e110000,0x000000000e190000)]
  0x000000000df6e800 JavaThread "Finalizer" daemon [_thread_blocked, id=2696, stack(0x000000000cfe0000,0x000000000d060000)]
  0x000000000df68800 JavaThread "Reference Handler" daemon [_thread_blocked, id=2228, stack(0x000000000e1b0000,0x000000000e230000)]
  0x0000000005b67000 JavaThread "main" [_thread_in_native, id=3792, stack(0x0000000000030000,0x0000000004030000)]

Other Threads:
  0x000000000df65000 VMThread [stack: 0x0000000060b10000,0x0000000064b10000] [id=2912]
  0x000000000e001800 WatcherThread [stack: 0x00000000840c0000,0x00000000880c0000] [id=2400]

VM state:not at safepoint (normal execution)

VM Mutex/Monitor currently owned by a thread: None

Heap
 PSYoungGen      total 15104K, used 9541K [0x000000004d480000, 0x000000004e620000, 0x0000000050580000)
  eden space 12544K, 72% used [0x000000004d480000,0x000000004dd6cef0,0x000000004e0c0000)
  from space 2560K, 15% used [0x000000004e3a0000,0x000000004e404768,0x000000004e620000)
  to   space 2752K, 0% used [0x000000004e0c0000,0x000000004e0c0000,0x000000004e370000)
 PSOldGen        total 150528K, used 132647K [0x0000000044180000, 0x000000004d480000, 0x000000004d480000)
  object space 150528K, 88% used [0x0000000044180000,0x000000004c309d48,0x000000004d480000)
 PSPermGen       total 77760K, used 76867K [0x000000003c180000, 0x0000000040d70000, 0x0000000044180000)
  object space 77760K, 98% used [0x000000003c180000,0x0000000040c90d60,0x0000000040d70000)

Dynamic libraries:
0x000000013f850000 - 0x000000013f87d000 	C:\Program Files\MATLAB\R2012b\bin\win64\MATLAB.exe
0x0000000077170000 - 0x0000000077319000 	C:\windows\SYSTEM32\ntdll.dll
0x0000000076e40000 - 0x0000000076f5f000 	C:\windows\system32\kernel32.dll
0x000007fefd6c0000 - 0x000007fefd72c000 	C:\windows\system32\KERNELBASE.dll
0x0000000074460000 - 0x000000007451f000 	C:\Program Files\MATLAB\R2012b\bin\win64\libut.dll
0x00000000758a0000 - 0x000000007595c000 	C:\Program Files\MATLAB\R2012b\bin\win64\libmwi18n.dll
0x0000000180000000 - 0x000000018000b000 	C:\Program Files\MATLAB\R2012b\bin\win64\libmwresource_core.dll
0x0000000072640000 - 0x0000000072713000 	C:\windows\WinSxS\amd64_microsoft.vc90.crt_1fc8b3b9a1e18e3b_9.0.30729.6161_none_08e61857a83bc251\MSVCP90.dll
0x0000000072740000 - 0x00000000727e3000 	C:\windows\WinSxS\amd64_microsoft.vc90.crt_1fc8b3b9a1e18e3b_9.0.30729.6161_none_08e61857a83bc251\MSVCR90.dll
0x000000007a170000 - 0x000000007a19c000 	C:\Program Files\MATLAB\R2012b\bin\win64\boost_filesystem-vc90-mt-1_44.dll
0x000000007a560000 - 0x000000007a569000 	C:\Program Files\MATLAB\R2012b\bin\win64\boost_system-vc90-mt-1_44.dll
0x000007fefe9e0000 - 0x000007fefeabb000 	C:\windows\system32\ADVAPI32.dll
0x000007feff1f0000 - 0x000007feff28f000 	C:\windows\system32\msvcrt.dll
0x000007fefdba0000 - 0x000007fefdbbf000 	C:\windows\SYSTEM32\sechost.dll
0x000007fefecd0000 - 0x000007fefedfd000 	C:\windows\system32\RPCRT4.dll
0x000000007a010000 - 0x000000007a035000 	C:\Program Files\MATLAB\R2012b\bin\win64\LIBEXPAT.dll
0x00000000706f0000 - 0x00000000708e1000 	C:\Program Files\MATLAB\R2012b\bin\win64\icuin44.dll
0x0000000070970000 - 0x0000000070ae1000 	C:\Program Files\MATLAB\R2012b\bin\win64\icuuc44.dll
0x0000000010000000 - 0x0000000010e41000 	C:\Program Files\MATLAB\R2012b\bin\win64\icudt44.dll
0x0000000073f70000 - 0x000000007411d000 	C:\Program Files\MATLAB\R2012b\bin\win64\libmwfl.dll
0x0000000004330000 - 0x00000000046e6000 	C:\Program Files\MATLAB\R2012b\bin\win64\libmwMATLAB_res.dll
0x000000007a3b0000 - 0x000000007a3c0000 	C:\Program Files\MATLAB\R2012b\bin\win64\boost_date_time-vc90-mt-1_44.dll
0x000000007a250000 - 0x000000007a263000 	C:\Program Files\MATLAB\R2012b\bin\win64\boost_signals-vc90-mt-1_44.dll
0x000000007a2d0000 - 0x000000007a2e2000 	C:\Program Files\MATLAB\R2012b\bin\win64\boost_thread-vc90-mt-1_44.dll
0x00000000046f0000 - 0x00000000047ad000 	C:\Program Files\MATLAB\R2012b\bin\win64\boost_log-vc90-mt-1_44.dll
0x0000000077330000 - 0x0000000077337000 	C:\windows\system32\PSAPI.DLL
0x000007fefee10000 - 0x000007fefee5d000 	C:\windows\system32\WS2_32.dll
0x000007fefee00000 - 0x000007fefee08000 	C:\windows\system32\NSI.dll
0x00000000041a0000 - 0x00000000041e6000 	C:\Program Files\MATLAB\R2012b\bin\win64\tbb.dll
0x000007fefdbc0000 - 0x000007fefdbd9000 	C:\windows\system32\imagehlp.dll
0x00000000747c0000 - 0x00000000747d3000 	C:\Program Files\MATLAB\R2012b\bin\win64\icuio44.dll
0x000007fef06f0000 - 0x000007fef0815000 	C:\windows\system32\dbghelp.dll
0x0000000076d40000 - 0x0000000076e3a000 	C:\windows\system32\USER32.dll
0x000007fefe970000 - 0x000007fefe9d7000 	C:\windows\system32\GDI32.dll
0x000007fefd9a0000 - 0x000007fefd9ae000 	C:\windows\system32\LPK.dll
0x000007feff3b0000 - 0x000007feff479000 	C:\windows\system32\USP10.dll
0x00000000047b0000 - 0x0000000004a8c000 	C:\Program Files\MATLAB\R2012b\bin\win64\libmwservices.dll
0x0000000075a20000 - 0x0000000075af3000 	C:\Program Files\MATLAB\R2012b\bin\win64\libmx.dll
0x0000000004a90000 - 0x0000000004ab9000 	C:\Program Files\MATLAB\R2012b\bin\win64\tbbmalloc.dll
0x000000007a210000 - 0x000000007a228000 	C:\Program Files\MATLAB\R2012b\bin\win64\zlib1.dll
0x0000000004ae0000 - 0x0000000004b2d000 	C:\Program Files\MATLAB\R2012b\bin\win64\libmwregexp.dll
0x0000000004b40000 - 0x0000000004b63000 	C:\Program Files\MATLAB\R2012b\bin\win64\libmwmfl_scalar.dll
0x0000000075f10000 - 0x0000000075f60000 	C:\Program Files\MATLAB\R2012b\bin\win64\mpath.dll
0x000000007b680000 - 0x000000007bc9a000 	C:\Program Files\MATLAB\R2012b\bin\win64\mlutil.dll
0x00000000754d0000 - 0x0000000075551000 	C:\Program Files\MATLAB\R2012b\bin\win64\xmlcore.dll
0x0000000004bb0000 - 0x0000000004e03000 	C:\Program Files\MATLAB\R2012b\bin\win64\xerces-c_2_7.dll
0x0000000004e20000 - 0x0000000004e40000 	C:\Program Files\MATLAB\R2012b\bin\win64\libmwMATLAB_settings_res.dll
0x0000000004e50000 - 0x0000000004e60000 	C:\Program Files\MATLAB\R2012b\bin\win64\boost_iostreams-vc90-mt-1_44.dll
0x0000000004e70000 - 0x0000000004eb7000 	C:\Program Files\MATLAB\R2012b\bin\win64\boost_serialization-vc90-mt-1_44.dll
0x000007fefdbe0000 - 0x000007fefe968000 	C:\windows\system32\SHELL32.dll
0x000007fefdac0000 - 0x000007fefdb31000 	C:\windows\system32\SHLWAPI.dll
0x000007fef65f0000 - 0x000007fef6690000 	C:\windows\WinSxS\amd64_microsoft.windows.common-controls_6595b64144ccf1df_5.82.7601.17514_none_a4d6a923711520a9\COMCTL32.dll
0x000007feff290000 - 0x000007feff327000 	C:\windows\system32\COMDLG32.dll
0x000007fefb190000 - 0x000007fefb1a6000 	C:\windows\system32\NETAPI32.dll
0x000007fefb180000 - 0x000007fefb18c000 	C:\windows\system32\netutils.dll
0x000007fefd0e0000 - 0x000007fefd103000 	C:\windows\system32\srvcli.dll
0x000007fefb160000 - 0x000007fefb175000 	C:\windows\system32\wkscli.dll
0x000007fefef40000 - 0x000007feff143000 	C:\windows\system32\ole32.dll
0x000007fefee60000 - 0x000007fefef37000 	C:\windows\system32\OLEAUT32.dll
0x0000000074970000 - 0x0000000074a31000 	C:\Program Files\MATLAB\R2012b\bin\win64\mcr.dll
0x0000000075000000 - 0x00000000753e9000 	C:\Program Files\MATLAB\R2012b\bin\win64\iqm.dll
0x0000000074e80000 - 0x0000000074f38000 	C:\Program Files\MATLAB\R2012b\bin\win64\m_dispatcher.dll
0x0000000074880000 - 0x000000007496d000 	C:\Program Files\MATLAB\R2012b\bin\win64\boost_regex-vc90-mt-1_44.dll
0x000007feee420000 - 0x000007feeec91000 	C:\Program Files\MATLAB\R2012b\bin\win64\m_interpreter.dll
0x0000000074790000 - 0x00000000747b7000 	C:\Program Files\MATLAB\R2012b\bin\win64\libmex.dll
0x0000000074390000 - 0x0000000074414000 	C:\Program Files\MATLAB\R2012b\bin\win64\profiler.dll
0x0000000004f40000 - 0x00000000051aa000 	C:\Program Files\MATLAB\R2012b\bin\win64\libmwmathutil.dll
0x0000000079f40000 - 0x0000000079f6e000 	C:\Program Files\MATLAB\R2012b\bin\win64\libmwmathrng.dll
0x00000000051d0000 - 0x00000000051e2000 	C:\Program Files\MATLAB\R2012b\bin\win64\libmwmfl_rng.dll
0x0000000074c10000 - 0x0000000074cee000 	C:\Program Files\MATLAB\R2012b\bin\win64\libmwmathcore.dll
0x0000000076160000 - 0x00000000761ca000 	C:\Program Files\MATLAB\R2012b\bin\win64\libmwspmatrix.dll
0x0000000075ea0000 - 0x0000000075f02000 	C:\Program Files\MATLAB\R2012b\bin\win64\libmwcholmod.dll
0x000000007a460000 - 0x000000007a46d000 	C:\Program Files\MATLAB\R2012b\bin\win64\libmwamd.dll
0x000000007a4b0000 - 0x000000007a4bc000 	C:\Program Files\MATLAB\R2012b\bin\win64\libmwcolamd.dll
0x000000007a290000 - 0x000000007a2a9000 	C:\Program Files\MATLAB\R2012b\bin\win64\libmwblas.dll
0x000000007a310000 - 0x000000007a321000 	C:\Program Files\MATLAB\R2012b\bin\win64\libmwbinder.dll
0x000000007a4d0000 - 0x000000007a4dc000 	C:\Program Files\MATLAB\R2012b\bin\win64\libmwompwrapper.dll
0x0000000005280000 - 0x0000000005305000 	C:\Program Files\MATLAB\R2012b\bin\win64\libmwlapack.dll
0x0000000074760000 - 0x0000000074781000 	C:\Program Files\MATLAB\R2012b\bin\win64\m_pcodeio.dll
0x0000000079b10000 - 0x0000000079b77000 	C:\Program Files\MATLAB\R2012b\bin\win64\m_ir.dll
0x000000006c7e0000 - 0x000000006ce50000 	C:\Program Files\MATLAB\R2012b\bin\win64\m_parser.dll
0x00000000747e0000 - 0x00000000747fa000 	C:\Program Files\MATLAB\R2012b\bin\win64\ir_xfmr.dll
0x000007fef0a40000 - 0x000007fef0cd6000 	C:\Program Files\MATLAB\R2012b\bin\win64\mcos.dll
0x0000000074610000 - 0x0000000074621000 	C:\Program Files\MATLAB\R2012b\bin\win64\mtok.dll
0x0000000005380000 - 0x00000000053b1000 	C:\Program Files\MATLAB\R2012b\bin\win64\m_pcodegen.dll
0x0000000079fb0000 - 0x0000000079fe6000 	C:\Program Files\MATLAB\R2012b\bin\win64\libmwbridge.dll
0x0000000070620000 - 0x00000000706e8000 	C:\Program Files\MATLAB\R2012b\bin\win64\udd.dll
0x000000006d360000 - 0x000000006d4b2000 	C:\Program Files\MATLAB\R2012b\bin\win64\libmwgui.dll
0x0000000074630000 - 0x0000000074647000 	C:\Program Files\MATLAB\R2012b\bin\win64\graphics_util.dll
0x000000006a3a0000 - 0x000000006adff000 	C:\Program Files\MATLAB\R2012b\bin\win64\hg.dll
0x0000000005420000 - 0x0000000005488000 	C:\Program Files\MATLAB\R2012b\bin\win64\libmat.dll
0x0000000072d30000 - 0x0000000072f44000 	C:\Program Files\MATLAB\R2012b\bin\win64\hdf5dll.dll
0x0000000075710000 - 0x00000000757de000 	C:\Program Files\MATLAB\R2012b\bin\win64\jmi.dll
0x00000000054c0000 - 0x00000000054cd000 	C:\Program Files\MATLAB\R2012b\bin\win64\nativejava_services.dll
0x00000000054e0000 - 0x0000000005526000 	C:\Program Files\MATLAB\R2012b\bin\win64\libmwhardcopy.dll
0x0000000073840000 - 0x00000000738a3000 	C:\Program Files\MATLAB\R2012b\bin\win64\libuij.dll
0x000000006d0f0000 - 0x000000006d354000 	C:\Program Files\MATLAB\R2012b\bin\win64\hgdatatypes.dll
0x000000006cfd0000 - 0x000000006d0ef000 	C:\Program Files\MATLAB\R2012b\bin\win64\hgutils.dll
0x0000000070560000 - 0x0000000070620000 	C:\Program Files\MATLAB\R2012b\bin\win64\udd_mi.dll
0x0000000005580000 - 0x00000000055bb000 	C:\Program Files\MATLAB\R2012b\bin\win64\libmwgbtutils.dll
0x00000000055d0000 - 0x00000000055eb000 	C:\Program Files\MATLAB\R2012b\bin\win64\libmwgbt.dll
0x0000000005600000 - 0x00000000058d1000 	C:\Program Files\MATLAB\R2012b\bin\win64\uiw.dll
0x0000000074600000 - 0x000000007460f000 	C:\Program Files\MATLAB\R2012b\bin\win64\uinone.dll
0x0000000005900000 - 0x0000000005929000 	C:\Program Files\MATLAB\R2012b\bin\win64\libmwnativefiledialogs.dll
0x0000000005940000 - 0x0000000005948000 	C:\Program Files\MATLAB\R2012b\bin\win64\libmwplatform_res.dll
0x000007fef7a30000 - 0x000007fef7a48000 	C:\windows\system32\MPR.dll
0x000000006c2f0000 - 0x000000006c7d4000 	C:\windows\WinSxS\amd64_microsoft.vc90.mfc_1fc8b3b9a1e18e3b_9.0.30729.6161_none_044aad0bab1eb146\mfc90.dll
0x000007fef2cc0000 - 0x000007fef2cc7000 	C:\windows\system32\MSIMG32.dll
0x000007fef7d20000 - 0x000007fef7d91000 	C:\windows\system32\WINSPOOL.DRV
0x0000000005960000 - 0x0000000005982000 	C:\Program Files\MATLAB\R2012b\bin\win64\mwoles05.DLL
0x00000000737c0000 - 0x000000007383d000 	C:\Program Files\MATLAB\R2012b\bin\win64\comcli.dll
0x0000000072610000 - 0x000000007263f000 	C:\windows\WinSxS\amd64_microsoft.vc90.atl_1fc8b3b9a1e18e3b_9.0.30729.6161_none_0a1fd3a3a768b895\ATL90.DLL
0x0000000074750000 - 0x000000007475c000 	C:\Program Files\MATLAB\R2012b\bin\win64\mlautoregister.dll
0x000007fefeca0000 - 0x000007fefecce000 	C:\windows\system32\IMM32.DLL
0x000007fefd9b0000 - 0x000007fefdab9000 	C:\windows\system32\MSCTF.dll
0x000007fefbeb0000 - 0x000007fefbf06000 	C:\windows\system32\UxTheme.dll
0x000007fefbbc0000 - 0x000007fefbbd8000 	C:\windows\system32\dwmapi.dll
0x00000000745a0000 - 0x00000000745ad000 	C:\windows\WinSxS\amd64_microsoft.vc90.mfcloc_1fc8b3b9a1e18e3b_9.0.30729.6161_none_01c9581e60cbee58\MFC90ENU.DLL
0x000007fefd5d0000 - 0x000007fefd5df000 	C:\windows\system32\profapi.dll
0x0000000005c30000 - 0x0000000005c3f000 	C:\Program Files\MATLAB\R2012b\bin\win64\xmlxrcsc.dll
0x000007fefd4c0000 - 0x000007fefd4cf000 	C:\windows\system32\CRYPTBASE.dll
0x000007fefbfb0000 - 0x000007fefc1a4000 	C:\windows\WinSxS\amd64_microsoft.windows.common-controls_6595b64144ccf1df_6.0.7601.17514_none_fa396087175ac9ac\comctl32.dll
0x000007fefeac0000 - 0x000007fefec97000 	C:\windows\system32\SETUPAPI.dll
0x000007fefd750000 - 0x000007fefd786000 	C:\windows\system32\CFGMGR32.dll
0x000007fefd730000 - 0x000007fefd74a000 	C:\windows\system32\DEVOBJ.dll
0x000007feff150000 - 0x000007feff1e9000 	C:\windows\system32\CLBCatQ.DLL
0x000007fefc4a0000 - 0x000007fefc5cc000 	C:\windows\system32\propsys.dll
0x000007fefc6b0000 - 0x000007fefc6dd000 	C:\windows\system32\ntmarta.dll

VM Arguments:
jvm_args: -Xss512k -XX:PermSize=32m -Xms64m -XX:NewRatio=3 -XX:MaxPermSize=128m -Xmx196m -XX:MaxDirectMemorySize=2147400000 -Dsun.java2d.noddraw=true -Dsun.awt.nopixfmt=true -Xshare:off -Xrs -Dsun.awt.disableMixing=true -Djava.library.path=C:\Program Files\MATLAB\R2012b\bin\win64;C:\Program Files\MATLAB\R2012b\sys\jxbrowser\win64\lib vfprintf abort 
java_command: <unknown>
Launcher Type: generic

Environment Variables:
PATH=C:\Windows\system32;C:\Windows;C:\Windows\System32\Wbem;C:\Windows\System32\WindowsPowerShell\v1.0\;C:\Program Files\MiKTeX 2.9\miktex\bin\x64\;C:\Program Files\MATLAB\R2012b\runtime\win64;C:\Program Files\MATLAB\R2012b\bin
USERNAME=h2sarbis
OS=Windows_NT
PROCESSOR_IDENTIFIER=Intel64 Family 6 Model 30 Stepping 5, GenuineIntel



---------------  S Y S T E M  ---------------

OS: Windows 7 Build 7601 Service Pack 1

CPU:total 4 (8 cores per cpu, 2 threads per core) family 6 model 30 stepping 5, cmov, cx8, fxsr, mmx, sse, sse2, sse3, ssse3, sse4.1, sse4.2, ht

Memory: 4k page, physical 4159540k(1126200k free), swap 8317228k(5348648k free)

vm_info: Java HotSpot(TM) 64-Bit Server VM (14.3-b01) for windows-amd64 JRE (1.6.0_17-b04), built on Oct 11 2009 00:46:08 by "java_re" with MS VC++ 8.0

time: Sun Dec 09 12:05:47 2012
elapsed time: 91166 seconds

