#
# A fatal error has been detected by the Java Runtime Environment:
#
#  EXCEPTION_ACCESS_VIOLATION (0xc0000005) at pc=0x000000007322c750, pid=2828, tid=3744
#
# JRE version: 6.0_17-b04
# Java VM: Java HotSpot(TM) 64-Bit Server VM (14.3-b01 mixed mode windows-amd64 )
# Problematic frame:
# C  0x000000007322c750
#
# If you would like to submit a bug report, please visit:
#   http://java.sun.com/webapps/bugreport/crash.jsp
# The crash happened outside the Java Virtual Machine in native code.
# See problematic frame for where to report the bug.
#

---------------  T H R E A D  ---------------

Current thread (0x00000000658bc000):  JavaThread "AWT-EventQueue-0" [_thread_in_native, id=3744, stack(0x0000000019180000,0x0000000019200000)]

siginfo: ExceptionCode=0xc0000005, reading address 0x0000000000000008

Registers:
EAX=0x000000000000000d, EBX=0x00000000658bc1b8, ECX=0x0000000000000000, EDX=0x0000000031011046
ESP=0x00000000191fe148, EBP=0x0000000067bc1e40, ESI=0x00000000658bc1b8, EDI=0x00000000658a7150
EIP=0x000000007322c750, EFLAGS=0x0000000000010202

Top of Stack: (sp=0x00000000191fe148)
0x00000000191fe148:   00000000731d589c 0000000000000000
0x00000000191fe158:   00000000658bc1b8 0000000067bc1e40
0x00000000191fe168:   00000000658bc1b8 000000004e263818
0x00000000191fe178:   00000000658bc1b8 0000000040c46220
0x00000000191fe188:   00000000731b3810 00000000658bc1b8
0x00000000191fe198:   00000000191fe868 00000000191fe8e0
0x00000000191fe1a8:   0000000067bc1e40 0000000044c880a0
0x00000000191fe1b8:   00000000731d2151 00000000191fe228
0x00000000191fe1c8:   00000000191fe8d8 000000004e16a038
0x00000000191fe1d8:   00000000191fe8e0 00000000487460a8
0x00000000191fe1e8:   000000004e263640 0000000000000000
0x00000000191fe1f8:   0000000000000000 0000000045dd49a0
0x00000000191fe208:   0000000000000000 0000006400000000
0x00000000191fe218:   000000000000001c 000000004e263428
0x00000000191fe228:   0000000000000001 0000000039d89958
0x00000000191fe238:   000000004e255680 0000000044b34198 

Instructions: (pc=0x000000007322c750)
0x000000007322c740:   48 8b 41 08 48 8b 80 18 0c 00 00 c3 cc cc cc cc
0x000000007322c750:   48 8b 49 08 48 85 c9 74 05 e9 72 f6 fd ff 33 c0 


Stack: [0x0000000019180000,0x0000000019200000],  sp=0x00000000191fe148,  free space=504k
Native frames: (J=compiled Java code, j=interpreted, Vv=VM code, C=native code)
C  0x000000007322c750

Java frames: (J=compiled Java code, j=interpreted, Vv=VM code)
j  sun.java2d.windows.GDIBlitLoops.nativeBlit(Lsun/java2d/SurfaceData;Lsun/java2d/SurfaceData;Lsun/java2d/pipe/Region;IIIIIIIIIZ)V+0
j  sun.java2d.windows.GDIBlitLoops.Blit(Lsun/java2d/SurfaceData;Lsun/java2d/SurfaceData;Ljava/awt/Composite;Lsun/java2d/pipe/Region;IIIIII)V+33
J  sun.java2d.pipe.DrawImage.copyImage(Lsun/java2d/SunGraphics2D;Ljava/awt/Image;IILjava/awt/Color;Ljava/awt/image/ImageObserver;)Z
J  sun.java2d.SunGraphics2D.drawImage(Ljava/awt/Image;IILjava/awt/Color;Ljava/awt/image/ImageObserver;)Z
J  javax.swing.RepaintManager$PaintManager.paintDoubleBuffered(Ljavax/swing/JComponent;Ljava/awt/Image;Ljava/awt/Graphics;IIII)V
j  javax.swing.RepaintManager$PaintManager.paint(Ljavax/swing/JComponent;Ljavax/swing/JComponent;Ljava/awt/Graphics;IIII)Z+116
j  javax.swing.RepaintManager.paint(Ljavax/swing/JComponent;Ljavax/swing/JComponent;Ljava/awt/Graphics;IIII)V+52
J  javax.swing.JComponent.paint(Ljava/awt/Graphics;)V
j  java.awt.GraphicsCallback$PaintCallback.run(Ljava/awt/Component;Ljava/awt/Graphics;)V+2
j  sun.awt.SunGraphicsCallback.runOneComponent(Ljava/awt/Component;Ljava/awt/Rectangle;Ljava/awt/Graphics;Ljava/awt/Shape;I)V+155
j  sun.awt.SunGraphicsCallback.runComponents([Ljava/awt/Component;Ljava/awt/Graphics;I)V+104
j  java.awt.Container.paint(Ljava/awt/Graphics;)V+73
J  javax.swing.RepaintManager.paintDirtyRegions(Ljava/util/Map;)V
j  javax.swing.RepaintManager.paintDirtyRegions()V+46
j  javax.swing.RepaintManager.seqPaintDirtyRegions()V+73
j  javax.swing.SystemEventQueueUtilities$ComponentWorkRequest.run()V+36
J  java.awt.event.InvocationEvent.dispatch()V
J  java.awt.EventDispatchThread.pumpOneEventForFilters(I)Z
J  java.awt.EventDispatchThread.pumpEventsForFilter(ILjava/awt/Conditional;Ljava/awt/EventFilter;)V
j  java.awt.EventDispatchThread.pumpEventsForHierarchy(ILjava/awt/Conditional;Ljava/awt/Component;)V+11
j  java.awt.EventDispatchThread.pumpEvents(ILjava/awt/Conditional;)V+4
j  java.awt.EventDispatchThread.pumpEvents(Ljava/awt/Conditional;)V+3
j  java.awt.EventDispatchThread.run()V+9
v  ~StubRoutines::call_stub

---------------  P R O C E S S  ---------------

Java Threads: ( => current thread )
  0x0000000065b53800 JavaThread "Timer-908" [_thread_blocked, id=5836, stack(0x0000000023980000,0x0000000023a00000)]
  0x0000000065b49800 JavaThread "Code Analyzer updating thread" [_thread_blocked, id=4788, stack(0x0000000024300000,0x0000000024380000)]
  0x0000000065b4d000 JavaThread "Code Analyzer updating thread" [_thread_blocked, id=2220, stack(0x0000000039970000,0x00000000399f0000)]
  0x0000000065b4a800 JavaThread "Code Analyzer updating thread" [_thread_blocked, id=4872, stack(0x0000000023b00000,0x0000000023b80000)]
  0x0000000065b52800 JavaThread "Image Fetcher 0" daemon [_thread_blocked, id=4948, stack(0x00000000240e0000,0x0000000024160000)]
  0x0000000065b50000 JavaThread "Prefs Updater" daemon [_thread_blocked, id=5900, stack(0x0000000023ba0000,0x0000000023c20000)]
  0x0000000065b51000 JavaThread "Foxtrot Single Worker Thread #1" daemon [_thread_blocked, id=3552, stack(0x0000000023a20000,0x0000000023aa0000)]
  0x0000000065b4f800 JavaThread "Swing-Shell" daemon [_thread_blocked, id=4844, stack(0x0000000015020000,0x00000000150a0000)]
  0x0000000065b4e000 JavaThread "Active Reference Queue Daemon" daemon [_thread_blocked, id=5872, stack(0x0000000008c20000,0x0000000008ca0000)]
  0x0000000065b4c000 JavaThread "Timer-8" daemon [_thread_blocked, id=4808, stack(0x0000000009210000,0x0000000009290000)]
  0x0000000065b4c800 JavaThread "Timer-7" daemon [_thread_blocked, id=6000, stack(0x0000000009140000,0x00000000091c0000)]
  0x0000000065b4b000 JavaThread "Explorer NavigationContext request queue" [_thread_blocked, id=732, stack(0x0000000009070000,0x00000000090f0000)]
  0x0000000065b49000 JavaThread "AddressBar directory emptiness poller" [_thread_blocked, id=2484, stack(0x0000000008dc0000,0x0000000008e40000)]
  0x0000000065b48000 JavaThread "Explorer Refresh Service 1561445360" [_thread_blocked, id=420, stack(0x0000000008b50000,0x0000000008bd0000)]
  0x0000000065b46800 JavaThread "Timer-1" daemon [_thread_blocked, id=4716, stack(0x000000005d140000,0x000000005d1c0000)]
  0x0000000065b46000 JavaThread "TimerQueue" daemon [_thread_blocked, id=5204, stack(0x000000001d230000,0x000000001d2b0000)]
  0x0000000065b45800 JavaThread "Thread-5" daemon [_thread_blocked, id=5396, stack(0x00000000295a0000,0x0000000029620000)]
  0x0000000065b44800 JavaThread "FelixPackageAdmin" daemon [_thread_blocked, id=6008, stack(0x0000000021470000,0x00000000214f0000)]
  0x0000000065bcf800 JavaThread "FelixStartLevel" daemon [_thread_blocked, id=4180, stack(0x0000000010f60000,0x0000000010fe0000)]
  0x00000000657ca800 JavaThread "FelixDispatchQueue" daemon [_thread_blocked, id=564, stack(0x000000000e110000,0x000000000e190000)]
=>0x00000000658bc000 JavaThread "AWT-EventQueue-0" [_thread_in_native, id=3744, stack(0x0000000019180000,0x0000000019200000)]
  0x000000006579f000 JavaThread "com.google.common.base.internal.Finalizer" daemon [_thread_blocked, id=4468, stack(0x000000001d2b0000,0x000000001d330000)]
  0x0000000065676000 JavaThread "AWT-Windows" daemon [_thread_in_native, id=5752, stack(0x000000000fc90000,0x000000000fd10000)]
  0x0000000065614000 JavaThread "AWT-Shutdown" [_thread_blocked, id=5852, stack(0x000000000ff40000,0x000000000ffc0000)]
  0x0000000065613000 JavaThread "Java2D Disposer" daemon [_thread_blocked, id=5636, stack(0x000000000fe60000,0x000000000fee0000)]
  0x000000006539b000 JavaThread "Timer-0" [_thread_blocked, id=4888, stack(0x000000000fd10000,0x000000000fd90000)]
  0x000000000fc5a000 JavaThread "EventMgr Dispatcher" daemon [_thread_in_native, id=2284, stack(0x0000000009680000,0x000000000d680000)]
  0x000000000ed53800 JavaThread "Low Memory Detector" daemon [_thread_blocked, id=4760, stack(0x000000000efe0000,0x000000000f060000)]
  0x000000000ed4b800 JavaThread "CompilerThread1" daemon [_thread_blocked, id=5316, stack(0x0000000080000000,0x0000000084000000)]
  0x000000000ed44800 JavaThread "CompilerThread0" daemon [_thread_blocked, id=6036, stack(0x000000006bd00000,0x000000006fd00000)]
  0x000000000ed43800 JavaThread "Attach Listener" daemon [_thread_blocked, id=3580, stack(0x000000000e1b0000,0x000000000e230000)]
  0x000000000ecef000 JavaThread "Finalizer" daemon [_thread_blocked, id=2232, stack(0x000000000ef60000,0x000000000efe0000)]
  0x000000000ece5000 JavaThread "Reference Handler" daemon [_thread_blocked, id=2964, stack(0x000000000ee80000,0x000000000ef00000)]
  0x0000000005c87000 JavaThread "main" [_thread_in_native, id=3040, stack(0x0000000000030000,0x0000000004030000)]

Other Threads:
  0x000000000ece1800 VMThread [stack: 0x00000000612c0000,0x00000000652c0000] [id=3484]
  0x000000000ed7f000 WatcherThread [stack: 0x00000000841a0000,0x00000000881a0000] [id=3084]

VM state:not at safepoint (normal execution)

VM Mutex/Monitor currently owned by a thread: None

Heap
 PSYoungGen      total 14144K, used 6880K [0x000000004dd60000, 0x000000004ed60000, 0x0000000050e60000)
  eden space 12096K, 49% used [0x000000004dd60000,0x000000004e3405f8,0x000000004e930000)
  from space 2048K, 42% used [0x000000004e930000,0x000000004ea07de8,0x000000004eb30000)
  to   space 2048K, 0% used [0x000000004eb60000,0x000000004eb60000,0x000000004ed60000)
 PSOldGen        total 106176K, used 83928K [0x0000000044a60000, 0x000000004b210000, 0x000000004dd60000)
  object space 106176K, 79% used [0x0000000044a60000,0x0000000049c56318,0x000000004b210000)
 PSPermGen       total 105408K, used 67494K [0x000000003ca60000, 0x0000000043150000, 0x0000000044a60000)
  object space 105408K, 64% used [0x000000003ca60000,0x0000000040c49a58,0x0000000043150000)

Dynamic libraries:
0x000000013f860000 - 0x000000013f88d000 	C:\Program Files\MATLAB\R2012b\bin\win64\MATLAB.exe
0x0000000076ed0000 - 0x0000000077079000 	C:\windows\SYSTEM32\ntdll.dll
0x0000000076940000 - 0x0000000076a5f000 	C:\windows\system32\kernel32.dll
0x000007fefd650000 - 0x000007fefd6bc000 	C:\windows\system32\KERNELBASE.dll
0x0000000074460000 - 0x000000007451f000 	C:\Program Files\MATLAB\R2012b\bin\win64\libut.dll
0x00000000758a0000 - 0x000000007595c000 	C:\Program Files\MATLAB\R2012b\bin\win64\libmwi18n.dll
0x0000000180000000 - 0x000000018000b000 	C:\Program Files\MATLAB\R2012b\bin\win64\libmwresource_core.dll
0x00000000725e0000 - 0x00000000726b3000 	C:\windows\WinSxS\amd64_microsoft.vc90.crt_1fc8b3b9a1e18e3b_9.0.30729.6161_none_08e61857a83bc251\MSVCP90.dll
0x0000000071fa0000 - 0x0000000072043000 	C:\windows\WinSxS\amd64_microsoft.vc90.crt_1fc8b3b9a1e18e3b_9.0.30729.6161_none_08e61857a83bc251\MSVCR90.dll
0x000000007a170000 - 0x000000007a19c000 	C:\Program Files\MATLAB\R2012b\bin\win64\boost_filesystem-vc90-mt-1_44.dll
0x000000007a560000 - 0x000000007a569000 	C:\Program Files\MATLAB\R2012b\bin\win64\boost_system-vc90-mt-1_44.dll
0x000007fefdc40000 - 0x000007fefdd1b000 	C:\windows\system32\ADVAPI32.dll
0x000007fefebc0000 - 0x000007fefec5f000 	C:\windows\system32\msvcrt.dll
0x000007fefeed0000 - 0x000007fefeeef000 	C:\windows\SYSTEM32\sechost.dll
0x000007fefdb10000 - 0x000007fefdc3d000 	C:\windows\system32\RPCRT4.dll
0x000000007a010000 - 0x000000007a035000 	C:\Program Files\MATLAB\R2012b\bin\win64\LIBEXPAT.dll
0x000000006b920000 - 0x000000006bb11000 	C:\Program Files\MATLAB\R2012b\bin\win64\icuin44.dll
0x00000000742b0000 - 0x0000000074421000 	C:\Program Files\MATLAB\R2012b\bin\win64\icuuc44.dll
0x0000000010000000 - 0x0000000010e41000 	C:\Program Files\MATLAB\R2012b\bin\win64\icudt44.dll
0x0000000073f70000 - 0x000000007411d000 	C:\Program Files\MATLAB\R2012b\bin\win64\libmwfl.dll
0x0000000004250000 - 0x0000000004606000 	C:\Program Files\MATLAB\R2012b\bin\win64\libmwMATLAB_res.dll
0x000000007a3b0000 - 0x000000007a3c0000 	C:\Program Files\MATLAB\R2012b\bin\win64\boost_date_time-vc90-mt-1_44.dll
0x000000007a250000 - 0x000000007a263000 	C:\Program Files\MATLAB\R2012b\bin\win64\boost_signals-vc90-mt-1_44.dll
0x000000007a2d0000 - 0x000000007a2e2000 	C:\Program Files\MATLAB\R2012b\bin\win64\boost_thread-vc90-mt-1_44.dll
0x0000000004650000 - 0x000000000470d000 	C:\Program Files\MATLAB\R2012b\bin\win64\boost_log-vc90-mt-1_44.dll
0x00000000770a0000 - 0x00000000770a7000 	C:\windows\system32\PSAPI.DLL
0x000007fefeb70000 - 0x000007fefebbd000 	C:\windows\system32\WS2_32.dll
0x000007fefed10000 - 0x000007fefed18000 	C:\windows\system32\NSI.dll
0x0000000004720000 - 0x0000000004766000 	C:\Program Files\MATLAB\R2012b\bin\win64\tbb.dll
0x000007fefdd20000 - 0x000007fefdd39000 	C:\windows\system32\imagehlp.dll
0x0000000074290000 - 0x00000000742a3000 	C:\Program Files\MATLAB\R2012b\bin\win64\icuio44.dll
0x000007fef75b0000 - 0x000007fef76d5000 	C:\windows\system32\dbghelp.dll
0x0000000076a60000 - 0x0000000076b5a000 	C:\windows\system32\USER32.dll
0x000007fefedf0000 - 0x000007fefee57000 	C:\windows\system32\GDI32.dll
0x000007fefee60000 - 0x000007fefee6e000 	C:\windows\system32\LPK.dll
0x000007fefed20000 - 0x000007fefede9000 	C:\windows\system32\USP10.dll
0x0000000004790000 - 0x0000000004a6c000 	C:\Program Files\MATLAB\R2012b\bin\win64\libmwservices.dll
0x0000000075a20000 - 0x0000000075af3000 	C:\Program Files\MATLAB\R2012b\bin\win64\libmx.dll
0x0000000004a90000 - 0x0000000004ab9000 	C:\Program Files\MATLAB\R2012b\bin\win64\tbbmalloc.dll
0x000000007a210000 - 0x000000007a228000 	C:\Program Files\MATLAB\R2012b\bin\win64\zlib1.dll
0x0000000004ae0000 - 0x0000000004b2d000 	C:\Program Files\MATLAB\R2012b\bin\win64\libmwregexp.dll
0x0000000004b40000 - 0x0000000004b63000 	C:\Program Files\MATLAB\R2012b\bin\win64\libmwmfl_scalar.dll
0x0000000075f10000 - 0x0000000075f60000 	C:\Program Files\MATLAB\R2012b\bin\win64\mpath.dll
0x000000007b680000 - 0x000000007bc9a000 	C:\Program Files\MATLAB\R2012b\bin\win64\mlutil.dll
0x00000000754d0000 - 0x0000000075551000 	C:\Program Files\MATLAB\R2012b\bin\win64\xmlcore.dll
0x0000000004bb0000 - 0x0000000004e03000 	C:\Program Files\MATLAB\R2012b\bin\win64\xerces-c_2_7.dll
0x0000000004e20000 - 0x0000000004e40000 	C:\Program Files\MATLAB\R2012b\bin\win64\libmwMATLAB_settings_res.dll
0x0000000004e50000 - 0x0000000004e60000 	C:\Program Files\MATLAB\R2012b\bin\win64\boost_iostreams-vc90-mt-1_44.dll
0x0000000004e70000 - 0x0000000004eb7000 	C:\Program Files\MATLAB\R2012b\bin\win64\boost_serialization-vc90-mt-1_44.dll
0x000007fefdd40000 - 0x000007fefeac8000 	C:\windows\system32\SHELL32.dll
0x000007fefd7a0000 - 0x000007fefd811000 	C:\windows\system32\SHLWAPI.dll
0x000007fef2100000 - 0x000007fef21a0000 	C:\windows\WinSxS\amd64_microsoft.windows.common-controls_6595b64144ccf1df_5.82.7601.17514_none_a4d6a923711520a9\COMCTL32.dll
0x000007fefead0000 - 0x000007fefeb67000 	C:\windows\system32\COMDLG32.dll
0x000007fefaef0000 - 0x000007fefaf06000 	C:\windows\system32\NETAPI32.dll
0x000007fefaee0000 - 0x000007fefaeec000 	C:\windows\system32\netutils.dll
0x000007fefce60000 - 0x000007fefce83000 	C:\windows\system32\srvcli.dll
0x000007fefaec0000 - 0x000007fefaed5000 	C:\windows\system32\wkscli.dll
0x000007fefefd0000 - 0x000007feff1d3000 	C:\windows\system32\ole32.dll
0x000007fefeef0000 - 0x000007fefefc7000 	C:\windows\system32\OLEAUT32.dll
0x0000000074970000 - 0x0000000074a31000 	C:\Program Files\MATLAB\R2012b\bin\win64\mcr.dll
0x0000000075000000 - 0x00000000753e9000 	C:\Program Files\MATLAB\R2012b\bin\win64\iqm.dll
0x0000000074e80000 - 0x0000000074f38000 	C:\Program Files\MATLAB\R2012b\bin\win64\m_dispatcher.dll
0x0000000074880000 - 0x000000007496d000 	C:\Program Files\MATLAB\R2012b\bin\win64\boost_regex-vc90-mt-1_44.dll
0x000007feeb880000 - 0x000007feec0f1000 	C:\Program Files\MATLAB\R2012b\bin\win64\m_interpreter.dll
0x0000000074260000 - 0x0000000074287000 	C:\Program Files\MATLAB\R2012b\bin\win64\libmex.dll
0x00000000741d0000 - 0x0000000074254000 	C:\Program Files\MATLAB\R2012b\bin\win64\profiler.dll
0x0000000004f40000 - 0x00000000051aa000 	C:\Program Files\MATLAB\R2012b\bin\win64\libmwmathutil.dll
0x0000000079f40000 - 0x0000000079f6e000 	C:\Program Files\MATLAB\R2012b\bin\win64\libmwmathrng.dll
0x00000000051d0000 - 0x00000000051e2000 	C:\Program Files\MATLAB\R2012b\bin\win64\libmwmfl_rng.dll
0x0000000074c10000 - 0x0000000074cee000 	C:\Program Files\MATLAB\R2012b\bin\win64\libmwmathcore.dll
0x0000000076160000 - 0x00000000761ca000 	C:\Program Files\MATLAB\R2012b\bin\win64\libmwspmatrix.dll
0x0000000075ea0000 - 0x0000000075f02000 	C:\Program Files\MATLAB\R2012b\bin\win64\libmwcholmod.dll
0x000000007a460000 - 0x000000007a46d000 	C:\Program Files\MATLAB\R2012b\bin\win64\libmwamd.dll
0x000000007a4b0000 - 0x000000007a4bc000 	C:\Program Files\MATLAB\R2012b\bin\win64\libmwcolamd.dll
0x000000007a290000 - 0x000000007a2a9000 	C:\Program Files\MATLAB\R2012b\bin\win64\libmwblas.dll
0x000000007a310000 - 0x000000007a321000 	C:\Program Files\MATLAB\R2012b\bin\win64\libmwbinder.dll
0x000000007a4d0000 - 0x000000007a4dc000 	C:\Program Files\MATLAB\R2012b\bin\win64\libmwompwrapper.dll
0x0000000005280000 - 0x0000000005305000 	C:\Program Files\MATLAB\R2012b\bin\win64\libmwlapack.dll
0x00000000741a0000 - 0x00000000741c1000 	C:\Program Files\MATLAB\R2012b\bin\win64\m_pcodeio.dll
0x0000000079b10000 - 0x0000000079b77000 	C:\Program Files\MATLAB\R2012b\bin\win64\m_ir.dll
0x000000006a830000 - 0x000000006aea0000 	C:\Program Files\MATLAB\R2012b\bin\win64\m_parser.dll
0x0000000074180000 - 0x000000007419a000 	C:\Program Files\MATLAB\R2012b\bin\win64\ir_xfmr.dll
0x000007fef1330000 - 0x000007fef15c6000 	C:\Program Files\MATLAB\R2012b\bin\win64\mcos.dll
0x0000000074160000 - 0x0000000074171000 	C:\Program Files\MATLAB\R2012b\bin\win64\mtok.dll
0x0000000074120000 - 0x0000000074151000 	C:\Program Files\MATLAB\R2012b\bin\win64\m_pcodegen.dll
0x0000000079fb0000 - 0x0000000079fe6000 	C:\Program Files\MATLAB\R2012b\bin\win64\libmwbridge.dll
0x00000000053a0000 - 0x0000000005468000 	C:\Program Files\MATLAB\R2012b\bin\win64\udd.dll
0x000000006b7c0000 - 0x000000006b912000 	C:\Program Files\MATLAB\R2012b\bin\win64\libmwgui.dll
0x0000000073710000 - 0x0000000073727000 	C:\Program Files\MATLAB\R2012b\bin\win64\graphics_util.dll
0x00000000668d0000 - 0x000000006732f000 	C:\Program Files\MATLAB\R2012b\bin\win64\hg.dll
0x00000000054b0000 - 0x0000000005518000 	C:\Program Files\MATLAB\R2012b\bin\win64\libmat.dll
0x0000000072d30000 - 0x0000000072f44000 	C:\Program Files\MATLAB\R2012b\bin\win64\hdf5dll.dll
0x0000000075710000 - 0x00000000757de000 	C:\Program Files\MATLAB\R2012b\bin\win64\jmi.dll
0x0000000005550000 - 0x000000000555d000 	C:\Program Files\MATLAB\R2012b\bin\win64\nativejava_services.dll
0x0000000073670000 - 0x00000000736b6000 	C:\Program Files\MATLAB\R2012b\bin\win64\libmwhardcopy.dll
0x0000000073470000 - 0x00000000734d3000 	C:\Program Files\MATLAB\R2012b\bin\win64\libuij.dll
0x000000006b2b0000 - 0x000000006b514000 	C:\Program Files\MATLAB\R2012b\bin\win64\hgdatatypes.dll
0x000000006b190000 - 0x000000006b2af000 	C:\Program Files\MATLAB\R2012b\bin\win64\hgutils.dll
0x0000000073370000 - 0x0000000073430000 	C:\Program Files\MATLAB\R2012b\bin\win64\udd_mi.dll
0x00000000055c0000 - 0x00000000055fb000 	C:\Program Files\MATLAB\R2012b\bin\win64\libmwgbtutils.dll
0x0000000005610000 - 0x000000000562b000 	C:\Program Files\MATLAB\R2012b\bin\win64\libmwgbt.dll
0x0000000005640000 - 0x0000000005911000 	C:\Program Files\MATLAB\R2012b\bin\win64\uiw.dll
0x0000000005930000 - 0x000000000593f000 	C:\Program Files\MATLAB\R2012b\bin\win64\uinone.dll
0x0000000005950000 - 0x0000000005979000 	C:\Program Files\MATLAB\R2012b\bin\win64\libmwnativefiledialogs.dll
0x0000000005990000 - 0x0000000005998000 	C:\Program Files\MATLAB\R2012b\bin\win64\libmwplatform_res.dll
0x000007fef8950000 - 0x000007fef8968000 	C:\windows\system32\MPR.dll
0x000000006a240000 - 0x000000006a724000 	C:\windows\WinSxS\amd64_microsoft.vc90.mfc_1fc8b3b9a1e18e3b_9.0.30729.6161_none_044aad0bab1eb146\mfc90.dll
0x000007fefab60000 - 0x000007fefab67000 	C:\windows\system32\MSIMG32.dll
0x000007fef7770000 - 0x000007fef77e1000 	C:\windows\system32\WINSPOOL.DRV
0x00000000736e0000 - 0x0000000073702000 	C:\Program Files\MATLAB\R2012b\bin\win64\mwoles05.DLL
0x0000000070f10000 - 0x0000000070f8d000 	C:\Program Files\MATLAB\R2012b\bin\win64\comcli.dll
0x00000000725a0000 - 0x00000000725cf000 	C:\windows\WinSxS\amd64_microsoft.vc90.atl_1fc8b3b9a1e18e3b_9.0.30729.6161_none_0a1fd3a3a768b895\ATL90.DLL
0x00000000059d0000 - 0x00000000059dc000 	C:\Program Files\MATLAB\R2012b\bin\win64\mlautoregister.dll
0x000007fefece0000 - 0x000007fefed0e000 	C:\windows\system32\IMM32.DLL
0x000007fefd820000 - 0x000007fefd929000 	C:\windows\system32\MSCTF.dll
0x000007fefbb40000 - 0x000007fefbb96000 	C:\windows\system32\UxTheme.dll
0x000007fefb340000 - 0x000007fefb358000 	C:\windows\system32\dwmapi.dll
0x0000000073460000 - 0x000000007346d000 	C:\windows\WinSxS\amd64_microsoft.vc90.mfcloc_1fc8b3b9a1e18e3b_9.0.30729.6161_none_01c9581e60cbee58\MFC90ENU.DLL
0x000007fefd330000 - 0x000007fefd33f000 	C:\windows\system32\profapi.dll
0x0000000005b50000 - 0x0000000005b5f000 	C:\Program Files\MATLAB\R2012b\bin\win64\xmlxrcsc.dll
0x000007fefd220000 - 0x000007fefd22f000 	C:\windows\system32\CRYPTBASE.dll
0x000007fefbef0000 - 0x000007fefc0e4000 	C:\windows\WinSxS\amd64_microsoft.windows.common-controls_6595b64144ccf1df_6.0.7601.17514_none_fa396087175ac9ac\comctl32.dll
0x000007fefd930000 - 0x000007fefdb07000 	C:\windows\system32\SETUPAPI.dll
0x000007fefd610000 - 0x000007fefd646000 	C:\windows\system32\CFGMGR32.dll
0x000007fefd5f0000 - 0x000007fefd60a000 	C:\windows\system32\DEVOBJ.dll
0x000007fefd700000 - 0x000007fefd799000 	C:\windows\system32\CLBCatQ.DLL
0x000007fefbc70000 - 0x000007fefbd9c000 	C:\windows\system32\propsys.dll
0x000007fefc420000 - 0x000007fefc44d000 	C:\windows\system32\ntmarta.dll

VM Arguments:
jvm_args: -Xss512k -XX:PermSize=32m -Xms64m -XX:NewRatio=3 -XX:MaxPermSize=128m -Xmx196m -XX:MaxDirectMemorySize=2147400000 -Dsun.java2d.noddraw=true -Dsun.awt.nopixfmt=true -Xshare:off -Xrs -Dsun.awt.disableMixing=true -Djava.library.path=C:\Program Files\MATLAB\R2012b\bin\win64;C:\Program Files\MATLAB\R2012b\sys\jxbrowser\win64\lib vfprintf abort 
java_command: <unknown>
Launcher Type: generic

Environment Variables:
PATH=C:\Windows\system32;C:\Windows;C:\Windows\System32\Wbem;C:\Windows\System32\WindowsPowerShell\v1.0\;C:\Program Files\MiKTeX 2.9\miktex\bin\x64\;C:\Program Files\MATLAB\R2012b\runtime\win64;C:\Program Files\MATLAB\R2012b\bin
USERNAME=h2sarbis
OS=Windows_NT
PROCESSOR_IDENTIFIER=Intel64 Family 6 Model 30 Stepping 5, GenuineIntel



---------------  S Y S T E M  ---------------

OS: Windows 7 Build 7601 Service Pack 1

CPU:total 4 (8 cores per cpu, 2 threads per core) family 6 model 30 stepping 5, cmov, cx8, fxsr, mmx, sse, sse2, sse3, ssse3, sse4.1, sse4.2, ht

Memory: 4k page, physical 4159540k(954052k free), swap 8317228k(4777600k free)

vm_info: Java HotSpot(TM) 64-Bit Server VM (14.3-b01) for windows-amd64 JRE (1.6.0_17-b04), built on Oct 11 2009 00:46:08 by "java_re" with MS VC++ 8.0

time: Mon Dec 03 18:12:31 2012
elapsed time: 106305 seconds

