#
# A fatal error has been detected by the Java Runtime Environment:
#
#  EXCEPTION_ACCESS_VIOLATION (0xc0000005) at pc=0x00000000777e53ec, pid=4932, tid=4540
#
# JRE version: 7.0_11-b21
# Java VM: Java HotSpot(TM) 64-Bit Server VM (23.6-b04 mixed mode windows-amd64 compressed oops)
# Problematic frame:
# C  [ntdll.dll+0x253ec]
#
# Failed to write core dump. Minidumps are not enabled by default on client versions of Windows
#
# If you would like to submit a bug report, please visit:
#   http://bugreport.sun.com/bugreport/crash.jsp
# The crash happened outside the Java Virtual Machine in native code.
# See problematic frame for where to report the bug.
#

---------------  T H R E A D  ---------------

Current thread (0x000000003f53c000):  JavaThread "main" [_thread_in_native, id=4540, stack(0x0000000000030000,0x0000000004030000)]

siginfo: ExceptionCode=0xc0000005, reading address 0x000000040000001c

Registers:
RAX=0x0000000000000000, RBX=0x000000040000000c, RCX=0x00000000000011bc, RDX=0x000000040000001c
RSP=0x0000000004017d30, RBP=0x0000000000000000, RSI=0x0000000000000000, RDI=0x0000000014cbf798
R8 =0x0000000004017d28, R9 =0x0000000000000000, R10=0x0000000000000000, R11=0x0000000000000213
R12=0x0000000000000001, R13=0x00000000c0000008, R14=0x0000000000000001, R15=0x0000000000000000
RIP=0x00000000777e53ec, EFLAGS=0x0000000000010202

Top of Stack: (sp=0x0000000004017d30)
0x0000000004017d30:   0000000014cbf4b0 000000001ec90c8e
0x0000000004017d40:   000041e5b7450ea1 0000000072a98ddb
0x0000000004017d50:   0000000000000000 000000003c4ee4f0
0x0000000004017d60:   00000000148cf240 000000001ec888bd
0x0000000004017d70:   0000000014cbf4b0 0000000014031ab0
0x0000000004017d80:   0000000014cbf4b0 0000000014cbf4b0
0x0000000004017d90:   fffffffffffffffe 0000000014031ab0
0x0000000004017da0:   0000000000000001 000000001ec926e4
0x0000000004017db0:   0000000014cbf4b0 0000000000000001
0x0000000004017dc0:   fffffffffffffffe 0000000000000000
0x0000000004017dd0:   0000000004018ab8 000000001ea8ce0c
0x0000000004017de0:   00000000bfff00a6 0000000014cbf4b0
0x0000000004017df0:   0000000014031ab0 00000000e3da7b08
0x0000000004017e00:   0000000004018620 0000000000000400
0x0000000004017e10:   000000003c3d7ac0 0000000066bc9531
0x0000000004017e20:   3a3a305049504354 2e61787067726d65 

Instructions: (pc=0x00000000777e53ec)
0x00000000777e53cc:   0f 82 bf b3 ff ff 41 bc 01 00 00 00 45 8b f4 48
0x00000000777e53dc:   8d 0d 7e 1c 11 00 e8 99 db 02 00 90 48 8d 53 10
0x00000000777e53ec:   48 83 3a 00 74 26 48 8b 42 08 48 8b 0a 4c 8b 00
0x00000000777e53fc:   4c 3b 41 08 0f 85 f7 c8 03 00 4c 3b c2 0f 85 ee 


Register to memory mapping:

RAX=0x0000000000000000 is an unknown value
RBX=0x000000040000000c is an unknown value
RCX=0x00000000000011bc is an unknown value
RDX=0x000000040000001c is an unknown value
RSP=0x0000000004017d30 is pointing into the stack for thread: 0x000000003f53c000
RBP=0x0000000000000000 is an unknown value
RSI=0x0000000000000000 is an unknown value
RDI=0x0000000014cbf798 is an unknown value
R8 =0x0000000004017d28 is pointing into the stack for thread: 0x000000003f53c000
R9 =0x0000000000000000 is an unknown value
R10=0x0000000000000000 is an unknown value
R11=0x0000000000000213 is an unknown value
R12=0x0000000000000001 is an unknown value
R13=0x00000000c0000008 is pointing into the stack for thread: 0x00000000628e4000
R14=0x0000000000000001 is an unknown value
R15=0x0000000000000000 is an unknown value


Stack: [0x0000000000030000,0x0000000004030000],  sp=0x0000000004017d30,  free space=65439k
Native frames: (J=compiled Java code, j=interpreted, Vv=VM code, C=native code)
C  [ntdll.dll+0x253ec]

[error occurred during error reporting (printing native stack), id 0xc0000005]

Java frames: (J=compiled Java code, j=interpreted, Vv=VM code)
j  com.mathworks.toolbox.instrument.VisaAGILENT.Create(Lcom/mathworks/toolbox/instrument/Instrument;Ljava/lang/String;)[I+0
j  com.mathworks.toolbox.instrument.VisaGeneral.openHardware()V+58
j  com.mathworks.toolbox.instrument.Instrument.fopen()V+29
v  ~StubRoutines::call_stub

---------------  P R O C E S S  ---------------

Java Threads: ( => current thread )
  0x000000001570f800 JavaThread "Browser Events Thread" daemon [_thread_blocked, id=5344, stack(0x00000001e00d0000,0x00000001e40d0000)]
  0x0000000015710000 JavaThread "Main message loop" daemon [_thread_in_native, id=5624, stack(0x00000001e40d0000,0x00000001e80d0000)]
  0x00000000142ca800 JavaThread "Browser Events Thread" daemon [_thread_blocked, id=6908, stack(0x00000001980d0000,0x000000019c0d0000)]
  0x0000000014859800 JavaThread "Timer-2" daemon [_thread_blocked, id=5800, stack(0x0000000169390000,0x000000016d390000)]
  0x0000000014859000 JavaThread "Main message loop" daemon [_thread_in_native, id=6140, stack(0x0000000165390000,0x0000000169390000)]
  0x00000000142c9000 JavaThread "com.jniwrapper.NativeResourceCollector" daemon [_thread_blocked, id=5616, stack(0x000000015c030000,0x0000000160030000)]
  0x0000000011388000 JavaThread "LocalScheduler1" daemon [_thread_blocked, id=5728, stack(0x0000000154030000,0x0000000158030000)]
  0x00000000142c6000 JavaThread "Thread-657" daemon [_thread_blocked, id=2844, stack(0x0000000150030000,0x0000000154030000)]
  0x0000000010a5f000 JavaThread "ParallelStatusIndicatorUI fAutoToolTipScheduler-0" daemon [_thread_blocked, id=2888, stack(0x0000000134000000,0x0000000138000000)]
  0x0000000010a5d000 JavaThread "LocalScheduler0" daemon [_thread_blocked, id=5656, stack(0x000000011c000000,0x0000000120000000)]
  0x000000006133e000 JavaThread "Code Analyzer updating thread" [_thread_blocked, id=4500, stack(0x0000000118000000,0x000000011c000000)]
  0x00000000614d2000 JavaThread "Code Analyzer updating thread" [_thread_blocked, id=2296, stack(0x000000010c000000,0x0000000110000000)]
  0x000000007dc8a000 JavaThread "Code Analyzer updating thread" [_thread_blocked, id=2652, stack(0x0000000110000000,0x0000000114000000)]
  0x00000000628e4800 JavaThread "Code Analyzer updating thread" [_thread_blocked, id=1588, stack(0x0000000114000000,0x0000000118000000)]
  0x00000000614cf800 JavaThread "Code Analyzer updating thread" [_thread_blocked, id=3100, stack(0x00000000cc000000,0x00000000d0000000)]
  0x000000003fa3a000 JavaThread "Prefs Updater" daemon [_thread_blocked, id=4112, stack(0x00000000201e0000,0x00000000241e0000)]
  0x000000003fa3b800 JavaThread "Foxtrot Single Worker Thread #1" daemon [_thread_blocked, id=4236, stack(0x00000000d8000000,0x00000000dc000000)]
  0x000000003fa39800 JavaThread "Timer-InstrumentReadWritePoll" [_thread_blocked, id=4840, stack(0x00000000c8000000,0x00000000cc000000)]
  0x000000003fa36800 JavaThread "Swing-Shell" daemon [_thread_blocked, id=5020, stack(0x000000014c030000,0x0000000150030000)]
  0x00000000628e6000 JavaThread "Code Analyzer updating thread" [_thread_blocked, id=616, stack(0x000000013c000000,0x0000000140000000)]
  0x00000000614cb000 JavaThread "Code Analyzer updating thread" [_thread_blocked, id=4992, stack(0x000000012c000000,0x0000000130000000)]
  0x00000000614cf000 JavaThread "Active Reference Queue Daemon" daemon [_thread_blocked, id=4448, stack(0x0000000108000000,0x000000010c000000)]
  0x00000000614ce000 JavaThread "Timer-1" daemon [_thread_blocked, id=2816, stack(0x0000000104000000,0x0000000108000000)]
  0x00000000614cd800 JavaThread "ClipboardMonitor Timer" daemon [_thread_blocked, id=4980, stack(0x0000000100000000,0x0000000104000000)]
  0x00000000614cc000 JavaThread "Explorer NavigationContext request queue" daemon [_thread_blocked, id=2396, stack(0x00000000dc000000,0x00000000e0000000)]
  0x00000000614c8000 JavaThread "AddressBar directory emptiness poller" daemon [_thread_blocked, id=2692, stack(0x00000000d4000000,0x00000000d8000000)]
  0x00000000614c9000 JavaThread "Explorer Refresh Service 1789089" daemon [_thread_blocked, id=3628, stack(0x00000000bc000000,0x00000000c0000000)]
  0x00000000614c7800 JavaThread "Thread-4" daemon [_thread_blocked, id=4316, stack(0x00000000d0000000,0x00000000d4000000)]
  0x00000000628e4000 JavaThread "TimerQueue" daemon [_thread_blocked, id=280, stack(0x00000000c0000000,0x00000000c4000000)]
  0x00000000614c6800 JavaThread "Thread-3" daemon [_thread_blocked, id=4820, stack(0x00000000ac000000,0x00000000b0000000)]
  0x00000000614c6000 JavaThread "AWT-EventQueue-0" [_thread_blocked, id=1068, stack(0x00000000a8000000,0x00000000ac000000)]
  0x00000000614c5000 JavaThread "AWT-Shutdown" [_thread_blocked, id=4684, stack(0x0000000098000000,0x000000009c000000)]
  0x000000003f7a5800 JavaThread "FelixPackageAdmin" daemon [_thread_blocked, id=1888, stack(0x00000000b8000000,0x00000000bc000000)]
  0x000000003fc38000 JavaThread "FelixStartLevel" daemon [_thread_blocked, id=2408, stack(0x00000000b4000000,0x00000000b8000000)]
  0x000000003f7ae800 JavaThread "FelixDispatchQueue" daemon [_thread_blocked, id=2668, stack(0x00000000b0000000,0x00000000b4000000)]
  0x0000000060f61000 JavaThread "com.google.common.base.internal.Finalizer" daemon [_thread_blocked, id=3084, stack(0x00000000a4000000,0x00000000a8000000)]
  0x0000000060efc000 JavaThread "AWT-Windows" daemon [_thread_in_native, id=3788, stack(0x000000009c000000,0x00000000a0000000)]
  0x0000000060e9b800 JavaThread "Java2D Disposer" daemon [_thread_blocked, id=4264, stack(0x0000000094000000,0x0000000098000000)]
  0x0000000060d08000 JavaThread "Timer-0" [_thread_blocked, id=1212, stack(0x0000000090000000,0x0000000094000000)]
  0x0000000060be3800 JavaThread "EventMgr Dispatcher" daemon [_thread_in_native, id=116, stack(0x000000008c000000,0x0000000090000000)]
  0x000000003f75c800 JavaThread "Service Thread" daemon [_thread_blocked, id=2892, stack(0x0000000084000000,0x0000000088000000)]
  0x000000003f74b000 JavaThread "C2 CompilerThread1" daemon [_thread_blocked, id=1876, stack(0x0000000080000000,0x0000000084000000)]
  0x000000003f748800 JavaThread "C2 CompilerThread0" daemon [_thread_blocked, id=1060, stack(0x00000000779a0000,0x000000007b9a0000)]
  0x000000003f748000 JavaThread "Attach Listener" daemon [_thread_blocked, id=4196, stack(0x0000000072bb0000,0x0000000076bb0000)]
  0x000000003f6cb800 JavaThread "Finalizer" daemon [_thread_blocked, id=3128, stack(0x000000005c9f0000,0x00000000609f0000)]
  0x000000003f6bf800 JavaThread "Reference Handler" daemon [_thread_blocked, id=736, stack(0x00000000589f0000,0x000000005c9f0000)]
=>0x000000003f53c000 JavaThread "main" [_thread_in_native, id=4540, stack(0x0000000000030000,0x0000000004030000)]

Other Threads:
  0x000000003f6bd000 VMThread [stack: 0x00000000549f0000,0x00000000589f0000] [id=4988]
  0x000000003f7ba000 WatcherThread [stack: 0x0000000088000000,0x000000008c000000] [id=1680]

VM state:not at safepoint (normal execution)

VM Mutex/Monitor currently owned by a thread: None

Heap
 PSYoungGen      total 67904K, used 53013K [0x00000000fa000000, 0x0000000100000000, 0x0000000100000000)
  eden space 53824K, 72% used [0x00000000fa000000,0x00000000fc611a00,0x00000000fd490000)
  from space 14080K, 99% used [0x00000000fd490000,0x00000000fe243d28,0x00000000fe250000)
  to   space 22528K, 0% used [0x00000000fea00000,0x00000000fea00000,0x0000000100000000)
 ParOldGen       total 108672K, used 73779K [0x00000000e8000000, 0x00000000eea20000, 0x00000000fa000000)
  object space 108672K, 67% used [0x00000000e8000000,0x00000000ec80cc18,0x00000000eea20000)
 PSPermGen       total 125824K, used 78154K [0x00000000e0000000, 0x00000000e7ae0000, 0x00000000e8000000)
  object space 125824K, 62% used [0x00000000e0000000,0x00000000e4c52ab0,0x00000000e7ae0000)

Card table byte_map: [0x000000001a1e0000,0x000000001a2f0000] byte_map_base: 0x0000000019ae0000

Polling page: 0x0000000008470000

Code Cache  [0x000000003fd30000, 0x0000000040680000, 0x0000000042d30000)
 total_blobs=3752 nmethods=3015 adapters=684 free_code_cache=39831Kb largest_free_block=40615680

Compilation events (10 events):
Event: 5872.520 Thread 0x000000003f748800   85 %           java.net.URI::quote @ 27 (208 bytes)
Event: 5872.539 Thread 0x000000003f748800 nmethod 85% 0x0000000040379cd0 code [0x0000000040379ee0, 0x000000004037af10]
Event: 5872.571 Thread 0x000000003f74b000 3387             com.jniwrapper.Pointer$Void::write (12 bytes)
Event: 5872.576 Thread 0x000000003f74b000 nmethod 3387 0x0000000040108350 code [0x00000000401084e0, 0x00000000401089d8]
Event: 5873.006 Thread 0x000000003f748800 3388             java.awt.Component::requestFocusHelper (292 bytes)
Event: 5873.032 Thread 0x000000003f748800 nmethod 3388 0x000000004041f350 code [0x000000004041f620, 0x0000000040420438]
Event: 5891.776 Thread 0x000000003f74b000 3389             javax.swing.JComponent::paintImmediately (155 bytes)
Event: 5891.787 Thread 0x000000003f74b000 nmethod 3389 0x000000004041e910 code [0x000000004041eaa0, 0x000000004041ede8]
Event: 5957.198 Thread 0x000000003f748800 3390             sun.swing.MenuItemLayoutHelper$RectSize::access$200 (5 bytes)
Event: 5957.199 Thread 0x000000003f748800 nmethod 3390 0x0000000040107650 code [0x0000000040107780, 0x00000000401077d8]

GC Heap History (10 events):
Event: 5447.754 GC heap before
{Heap before GC invocations=123 (full 4):
 PSYoungGen      total 78016K, used 76173K [0x00000000fa000000, 0x0000000100000000, 0x0000000100000000)
  eden space 61568K, 100% used [0x00000000fa000000,0x00000000fdc20000,0x00000000fdc20000)
  from space 16448K, 88% used [0x00000000feff0000,0x00000000ffe33498,0x0000000100000000)
  to   space 18368K, 0% used [0x00000000fdc20000,0x00000000fdc20000,0x00000000fee10000)
 ParOldGen       total 108672K, used 73779K [0x00000000e8000000, 0x00000000eea20000, 0x00000000fa000000)
  object space 108672K, 67% used [0x00000000e8000000,0x00000000ec80cc18,0x00000000eea20000)
 PSPermGen       total 125824K, used 77851K [0x00000000e0000000, 0x00000000e7ae0000, 0x00000000e8000000)
  object space 125824K, 61% used [0x00000000e0000000,0x00000000e4c06ee8,0x00000000e7ae0000)
Event: 5447.768 GC heap after
Heap after GC invocations=123 (full 4):
 PSYoungGen      total 75200K, used 13571K [0x00000000fa000000, 0x0000000100000000, 0x0000000100000000)
  eden space 61568K, 0% used [0x00000000fa000000,0x00000000fa000000,0x00000000fdc20000)
  from space 13632K, 99% used [0x00000000fdc20000,0x00000000fe960d98,0x00000000fe970000)
  to   space 19520K, 0% used [0x00000000fecf0000,0x00000000fecf0000,0x0000000100000000)
 ParOldGen       total 108672K, used 73779K [0x00000000e8000000, 0x00000000eea20000, 0x00000000fa000000)
  object space 108672K, 67% used [0x00000000e8000000,0x00000000ec80cc18,0x00000000eea20000)
 PSPermGen       total 125824K, used 77851K [0x00000000e0000000, 0x00000000e7ae0000, 0x00000000e8000000)
  object space 125824K, 61% used [0x00000000e0000000,0x00000000e4c06ee8,0x00000000e7ae0000)
}
Event: 5519.181 GC heap before
{Heap before GC invocations=124 (full 4):
 PSYoungGen      total 75200K, used 75139K [0x00000000fa000000, 0x0000000100000000, 0x0000000100000000)
  eden space 61568K, 100% used [0x00000000fa000000,0x00000000fdc20000,0x00000000fdc20000)
  from space 13632K, 99% used [0x00000000fdc20000,0x00000000fe960d98,0x00000000fe970000)
  to   space 19520K, 0% used [0x00000000fecf0000,0x00000000fecf0000,0x0000000100000000)
 ParOldGen       total 108672K, used 73779K [0x00000000e8000000, 0x00000000eea20000, 0x00000000fa000000)
  object space 108672K, 67% used [0x00000000e8000000,0x00000000ec80cc18,0x00000000eea20000)
 PSPermGen       total 125824K, used 77921K [0x00000000e0000000, 0x00000000e7ae0000, 0x00000000e8000000)
  object space 125824K, 61% used [0x00000000e0000000,0x00000000e4c187b0,0x00000000e7ae0000)
Event: 5519.194 GC heap after
Heap after GC invocations=124 (full 4):
 PSYoungGen      total 77120K, used 13460K [0x00000000fa000000, 0x0000000100000000, 0x0000000100000000)
  eden space 57600K, 0% used [0x00000000fa000000,0x00000000fa000000,0x00000000fd840000)
  from space 19520K, 68% used [0x00000000fecf0000,0x00000000ffa15040,0x0000000100000000)
  to   space 20352K, 0% used [0x00000000fd840000,0x00000000fd840000,0x00000000fec20000)
 ParOldGen       total 108672K, used 73779K [0x00000000e8000000, 0x00000000eea20000, 0x00000000fa000000)
  object space 108672K, 67% used [0x00000000e8000000,0x00000000ec80cc18,0x00000000eea20000)
 PSPermGen       total 125824K, used 77921K [0x00000000e0000000, 0x00000000e7ae0000, 0x00000000e8000000)
  object space 125824K, 61% used [0x00000000e0000000,0x00000000e4c187b0,0x00000000e7ae0000)
}
Event: 5580.870 GC heap before
{Heap before GC invocations=125 (full 4):
 PSYoungGen      total 77120K, used 71060K [0x00000000fa000000, 0x0000000100000000, 0x0000000100000000)
  eden space 57600K, 100% used [0x00000000fa000000,0x00000000fd840000,0x00000000fd840000)
  from space 19520K, 68% used [0x00000000fecf0000,0x00000000ffa15040,0x0000000100000000)
  to   space 20352K, 0% used [0x00000000fd840000,0x00000000fd840000,0x00000000fec20000)
 ParOldGen       total 108672K, used 73779K [0x00000000e8000000, 0x00000000eea20000, 0x00000000fa000000)
  object space 108672K, 67% used [0x00000000e8000000,0x00000000ec80cc18,0x00000000eea20000)
 PSPermGen       total 125824K, used 77931K [0x00000000e0000000, 0x00000000e7ae0000, 0x00000000e8000000)
  object space 125824K, 61% used [0x00000000e0000000,0x00000000e4c1ada8,0x00000000e7ae0000)
Event: 5580.881 GC heap after
Heap after GC invocations=125 (full 4):
 PSYoungGen      total 74688K, used 17074K [0x00000000fa000000, 0x0000000100000000, 0x0000000100000000)
  eden space 57600K, 0% used [0x00000000fa000000,0x00000000fa000000,0x00000000fd840000)
  from space 17088K, 99% used [0x00000000fd840000,0x00000000fe8ecad0,0x00000000fe8f0000)
  to   space 22272K, 0% used [0x00000000fea40000,0x00000000fea40000,0x0000000100000000)
 ParOldGen       total 108672K, used 73779K [0x00000000e8000000, 0x00000000eea20000, 0x00000000fa000000)
  object space 108672K, 67% used [0x00000000e8000000,0x00000000ec80cc18,0x00000000eea20000)
 PSPermGen       total 125824K, used 77931K [0x00000000e0000000, 0x00000000e7ae0000, 0x00000000e8000000)
  object space 125824K, 61% used [0x00000000e0000000,0x00000000e4c1ada8,0x00000000e7ae0000)
}
Event: 5610.009 GC heap before
{Heap before GC invocations=126 (full 4):
 PSYoungGen      total 74688K, used 74674K [0x00000000fa000000, 0x0000000100000000, 0x0000000100000000)
  eden space 57600K, 100% used [0x00000000fa000000,0x00000000fd840000,0x00000000fd840000)
  from space 17088K, 99% used [0x00000000fd840000,0x00000000fe8ecad0,0x00000000fe8f0000)
  to   space 22272K, 0% used [0x00000000fea40000,0x00000000fea40000,0x0000000100000000)
 ParOldGen       total 108672K, used 73779K [0x00000000e8000000, 0x00000000eea20000, 0x00000000fa000000)
  object space 108672K, 67% used [0x00000000e8000000,0x00000000ec80cc18,0x00000000eea20000)
 PSPermGen       total 125824K, used 78001K [0x00000000e0000000, 0x00000000e7ae0000, 0x00000000e8000000)
  object space 125824K, 61% used [0x00000000e0000000,0x00000000e4c2c4f8,0x00000000e7ae0000)
Event: 5610.029 GC heap after
Heap after GC invocations=126 (full 4):
 PSYoungGen      total 76096K, used 12900K [0x00000000fa000000, 0x0000000100000000, 0x0000000100000000)
  eden space 53824K, 0% used [0x00000000fa000000,0x00000000fa000000,0x00000000fd490000)
  from space 22272K, 57% used [0x00000000fea40000,0x00000000ff6d91c0,0x0000000100000000)
  to   space 22208K, 0% used [0x00000000fd490000,0x00000000fd490000,0x00000000fea40000)
 ParOldGen       total 108672K, used 73779K [0x00000000e8000000, 0x00000000eea20000, 0x00000000fa000000)
  object space 108672K, 67% used [0x00000000e8000000,0x00000000ec80cc18,0x00000000eea20000)
 PSPermGen       total 125824K, used 78001K [0x00000000e0000000, 0x00000000e7ae0000, 0x00000000e8000000)
  object space 125824K, 61% used [0x00000000e0000000,0x00000000e4c2c4f8,0x00000000e7ae0000)
}
Event: 5869.605 GC heap before
{Heap before GC invocations=127 (full 4):
 PSYoungGen      total 76096K, used 66724K [0x00000000fa000000, 0x0000000100000000, 0x0000000100000000)
  eden space 53824K, 100% used [0x00000000fa000000,0x00000000fd490000,0x00000000fd490000)
  from space 22272K, 57% used [0x00000000fea40000,0x00000000ff6d91c0,0x0000000100000000)
  to   space 22208K, 0% used [0x00000000fd490000,0x00000000fd490000,0x00000000fea40000)
 ParOldGen       total 108672K, used 73779K [0x00000000e8000000, 0x00000000eea20000, 0x00000000fa000000)
  object space 108672K, 67% used [0x00000000e8000000,0x00000000ec80cc18,0x00000000eea20000)
 PSPermGen       total 125824K, used 78135K [0x00000000e0000000, 0x00000000e7ae0000, 0x00000000e8000000)
  object space 125824K, 62% used [0x00000000e0000000,0x00000000e4c4dc38,0x00000000e7ae0000)
Event: 5869.616 GC heap after
Heap after GC invocations=127 (full 4):
 PSYoungGen      total 67904K, used 14031K [0x00000000fa000000, 0x0000000100000000, 0x0000000100000000)
  eden space 53824K, 0% used [0x00000000fa000000,0x00000000fa000000,0x00000000fd490000)
  from space 14080K, 99% used [0x00000000fd490000,0x00000000fe243d28,0x00000000fe250000)
  to   space 22528K, 0% used [0x00000000fea00000,0x00000000fea00000,0x0000000100000000)
 ParOldGen       total 108672K, used 73779K [0x00000000e8000000, 0x00000000eea20000, 0x00000000fa000000)
  object space 108672K, 67% used [0x00000000e8000000,0x00000000ec80cc18,0x00000000eea20000)
 PSPermGen       total 125824K, used 78135K [0x00000000e0000000, 0x00000000e7ae0000, 0x00000000e8000000)
  object space 125824K, 62% used [0x00000000e0000000,0x00000000e4c4dc38,0x00000000e7ae0000)
}

Deoptimization events (10 events):
Event: 5559.979 Thread 0x00000000614c6000 Uncommon trap -12 fr.pc 0x00000000400e3b70
Event: 5869.503 Thread 0x00000000614c6000 Uncommon trap -83 fr.pc 0x00000000403386cc
Event: 5869.542 Thread 0x00000000614c6000 Uncommon trap -83 fr.pc 0x00000000403e1ddc
Event: 5870.832 Thread 0x00000000614c6000 Uncommon trap -58 fr.pc 0x0000000040300418
Event: 5870.832 Thread 0x00000000614c6000 Uncommon trap -58 fr.pc 0x0000000040300418
Event: 5870.832 Thread 0x00000000614c6000 Uncommon trap -83 fr.pc 0x000000003ff2de68
Event: 5872.549 Thread 0x00000000614c6000 Uncommon trap -58 fr.pc 0x000000004066ef80
Event: 5872.560 Thread 0x00000000614c6000 Uncommon trap -58 fr.pc 0x000000004066ef80
Event: 5872.846 Thread 0x00000000614c6000 Uncommon trap -58 fr.pc 0x000000004066ef80
Event: 5873.032 Thread 0x00000000614c6000 Uncommon trap -58 fr.pc 0x000000004066ef80

Internal exceptions (10 events):
Event: 5869.526 Thread 0x00000000614c6000 Threw 0x00000000fcda3f68 at C:\jdk7u1_64p\jdk7u11\hotspot\src\share\vm\prims\jvm.cpp:1166
Event: 5869.536 Thread 0x00000000614c6000 Threw 0x00000000fce2fe20 at C:\jdk7u1_64p\jdk7u11\hotspot\src\share\vm\prims\jvm.cpp:1166
Event: 5869.578 Thread 0x0000000015710000 Threw 0x00000000fd34f350 at C:\jdk7u1_64p\jdk7u11\hotspot\src\share\vm\runtime\reflection.cpp:1039
Event: 5872.534 Thread 0x0000000015710000 Threw 0x00000000faeb1048 at C:\jdk7u1_64p\jdk7u11\hotspot\src\share\vm\runtime\reflection.cpp:1039
Event: 5894.403 Thread 0x000000003f53c000 Threw 0x00000000fbe5b758 at C:\jdk7u1_64p\jdk7u11\hotspot\src\share\vm\prims\jvm.cpp:3649
Event: 5894.403 Thread 0x000000003f53c000 Threw 0x00000000fbe5b758 at C:\jdk7u1_64p\jdk7u11\hotspot\src\share\vm\prims\jni.cpp:716
Event: 5894.408 Thread 0x000000003f53c000 Threw 0x00000000fbe60a78 at C:\jdk7u1_64p\jdk7u11\hotspot\src\share\vm\prims\jvm.cpp:3649
Event: 5894.408 Thread 0x000000003f53c000 Threw 0x00000000fbe60a78 at C:\jdk7u1_64p\jdk7u11\hotspot\src\share\vm\prims\jni.cpp:716
Event: 5957.056 Thread 0x000000003f53c000 Threw 0x00000000fbe67d18 at C:\jdk7u1_64p\jdk7u11\hotspot\src\share\vm\prims\jvm.cpp:3649
Event: 5957.056 Thread 0x000000003f53c000 Threw 0x00000000fbe67d18 at C:\jdk7u1_64p\jdk7u11\hotspot\src\share\vm\prims\jni.cpp:716

Events (10 events):
Event: 5957.089 Thread 0x0000000015429800 Thread added: 0x0000000015429800
Event: 5957.089 Executing VM operation: RevokeBias
Event: 5957.089 Executing VM operation: RevokeBias done
Event: 5957.146 Executing VM operation: RevokeBias
Event: 5957.146 Executing VM operation: RevokeBias done
Event: 5957.189 Thread 0x0000000015429800 Thread exited: 0x0000000015429800
Event: 5957.199 Thread 0x0000000015429800 Thread added: 0x0000000015429800
Event: 5957.199 Executing VM operation: RevokeBias
Event: 5957.199 Executing VM operation: RevokeBias done
Event: 5957.299 Thread 0x0000000015429800 Thread exited: 0x0000000015429800


Dynamic libraries:
0x0000000140000000 - 0x0000000140029000 	C:\Program Files\MATLAB\R2013b\bin\win64\MATLAB.exe
0x00000000777c0000 - 0x0000000077969000 	C:\Windows\SYSTEM32\ntdll.dll
0x00000000776a0000 - 0x00000000777bf000 	C:\Windows\system32\kernel32.dll
0x000007fefd790000 - 0x000007fefd7fb000 	C:\Windows\system32\KERNELBASE.dll
0x000000006f060000 - 0x000000006f3dc000 	C:\Program Files\MATLAB\R2013b\bin\win64\libmwservices.dll
0x000000006fe80000 - 0x000000006ff56000 	C:\Program Files\MATLAB\R2013b\bin\win64\libmwi18n.dll
0x000000006fe70000 - 0x000000006fe7d000 	C:\Program Files\MATLAB\R2013b\bin\win64\libmwresource_core.dll
0x0000000072b10000 - 0x0000000072ba8000 	C:\Program Files\MATLAB\R2013b\bin\win64\MSVCP100.dll
0x0000000072a30000 - 0x0000000072b02000 	C:\Program Files\MATLAB\R2013b\bin\win64\MSVCR100.dll
0x0000000068dd0000 - 0x0000000068dde000 	C:\Program Files\MATLAB\R2013b\bin\win64\boost_date_time-vc100-mt-1_49.dll
0x00000000685f0000 - 0x000000006861c000 	C:\Program Files\MATLAB\R2013b\bin\win64\boost_filesystem-vc100-mt-1_49.dll
0x0000000068dc0000 - 0x0000000068dc9000 	C:\Program Files\MATLAB\R2013b\bin\win64\boost_system-vc100-mt-1_49.dll
0x000007feff3b0000 - 0x000007feff48b000 	C:\Windows\system32\ADVAPI32.dll
0x000007fefdbd0000 - 0x000007fefdc6f000 	C:\Windows\system32\msvcrt.dll
0x000007fefd9b0000 - 0x000007fefd9cf000 	C:\Windows\SYSTEM32\sechost.dll
0x000007feff0a0000 - 0x000007feff1cd000 	C:\Windows\system32\RPCRT4.dll
0x0000000066ce0000 - 0x0000000066d05000 	C:\Program Files\MATLAB\R2013b\bin\win64\LIBEXPAT.dll
0x0000000066980000 - 0x0000000066b0a000 	C:\Program Files\MATLAB\R2013b\bin\win64\icuin49.dll
0x0000000066ba0000 - 0x0000000066cde000 	C:\Program Files\MATLAB\R2013b\bin\win64\icuuc49.dll
0x0000000065850000 - 0x0000000066972000 	C:\Program Files\MATLAB\R2013b\bin\win64\icudt49.dll
0x00000000687a0000 - 0x00000000687b0000 	C:\Program Files\MATLAB\R2013b\bin\win64\icuio49.dll
0x0000000004100000 - 0x00000000041bb000 	C:\Program Files\MATLAB\R2013b\bin\win64\libut.dll
0x000000006f960000 - 0x000000006fb07000 	C:\Program Files\MATLAB\R2013b\bin\win64\libmwfl.dll
0x0000000004330000 - 0x000000000473f000 	C:\Program Files\MATLAB\R2013b\bin\win64\libmwMATLAB_res.dll
0x0000000065770000 - 0x000000006584f000 	C:\Program Files\MATLAB\R2013b\bin\win64\boost_regex-vc100-mt-1_49.dll
0x00000000775a0000 - 0x000000007769a000 	C:\Windows\system32\USER32.dll
0x000007fefd9d0000 - 0x000007fefda37000 	C:\Windows\system32\GDI32.dll
0x000007fefde50000 - 0x000007fefde5e000 	C:\Windows\system32\LPK.dll
0x000007feff1d0000 - 0x000007feff299000 	C:\Windows\system32\USP10.dll
0x0000000066b30000 - 0x0000000066b41000 	C:\Program Files\MATLAB\R2013b\bin\win64\boost_signals-vc100-mt-1_49.dll
0x0000000066b10000 - 0x0000000066b21000 	C:\Program Files\MATLAB\R2013b\bin\win64\boost_thread-vc100-mt-1_49.dll
0x0000000065650000 - 0x00000000656dc000 	C:\Program Files\MATLAB\R2013b\bin\win64\boost_log-vc100-mt-1_49.dll
0x0000000077990000 - 0x0000000077997000 	C:\Windows\system32\PSAPI.DLL
0x000007feff8e0000 - 0x000007feff92d000 	C:\Windows\system32\WS2_32.dll
0x000007fefd9a0000 - 0x000007fefd9a8000 	C:\Windows\system32\NSI.dll
0x000007fef3820000 - 0x000007fef3853000 	C:\Program Files\MATLAB\R2013b\bin\win64\tbb.dll
0x000007feff930000 - 0x000007feff949000 	C:\Windows\system32\imagehlp.dll
0x000007fefaff0000 - 0x000007fefb01c000 	C:\Windows\system32\POWRPROF.dll
0x000007fefdc70000 - 0x000007fefde47000 	C:\Windows\system32\SETUPAPI.dll
0x000007fefd820000 - 0x000007fefd856000 	C:\Windows\system32\CFGMGR32.dll
0x000007fefdee0000 - 0x000007fefdfb7000 	C:\Windows\system32\OLEAUT32.dll
0x000007feff490000 - 0x000007feff693000 	C:\Windows\system32\ole32.dll
0x000007fefd930000 - 0x000007fefd94a000 	C:\Windows\system32\DEVOBJ.dll
0x0000000004740000 - 0x000000000483b000 	C:\Program Files\MATLAB\R2013b\bin\win64\libmx.dll
0x000007fef3870000 - 0x000007fef3898000 	C:\Program Files\MATLAB\R2013b\bin\win64\tbbmalloc.dll
0x0000000066b80000 - 0x0000000066b97000 	C:\Program Files\MATLAB\R2013b\bin\win64\zlib1.dll
0x000000006ef00000 - 0x000000006ef4e000 	C:\Program Files\MATLAB\R2013b\bin\win64\libmwregexp.dll
0x000000006eeb0000 - 0x000000006eef7000 	C:\Program Files\MATLAB\R2013b\bin\win64\mpath.dll
0x0000000004840000 - 0x0000000004e68000 	C:\Program Files\MATLAB\R2013b\bin\win64\mlutil.dll
0x000000006e870000 - 0x000000006e8e7000 	C:\Program Files\MATLAB\R2013b\bin\win64\xmlcore.dll
0x0000000065400000 - 0x0000000065641000 	C:\Program Files\MATLAB\R2013b\bin\win64\xerces-c_2_7.dll
0x000000006e5f0000 - 0x000000006e613000 	C:\Program Files\MATLAB\R2013b\bin\win64\libmwMATLAB_settings_res.dll
0x0000000066b70000 - 0x0000000066b80000 	C:\Program Files\MATLAB\R2013b\bin\win64\boost_iostreams-vc100-mt-1_49.dll
0x0000000065720000 - 0x0000000065766000 	C:\Program Files\MATLAB\R2013b\bin\win64\boost_serialization-vc100-mt-1_49.dll
0x000007fefe270000 - 0x000007fefeff8000 	C:\Windows\system32\SHELL32.dll
0x000007feffa50000 - 0x000007feffac1000 	C:\Windows\system32\SHLWAPI.dll
0x000000006e580000 - 0x000000006e586000 	C:\Program Files\MATLAB\R2013b\bin\win64\libmwnativedisplay.dll
0x00000000041d0000 - 0x000000000421d000 	C:\Program Files\MATLAB\R2013b\bin\win64\opccore.dll
0x00000000684f0000 - 0x00000000685c6000 	C:\Program Files\MATLAB\R2013b\bin\win64\opcmodel.dll
0x00000000684c0000 - 0x00000000684ed000 	C:\Program Files\MATLAB\R2013b\bin\win64\opczippackage.dll
0x0000000066b60000 - 0x0000000066b6e000 	C:\Program Files\MATLAB\R2013b\bin\win64\libminizip.dll
0x0000000068340000 - 0x00000000683a6000 	C:\Program Files\MATLAB\R2013b\bin\win64\opcmwservices.dll
0x000007fef9fa0000 - 0x000007fefa040000 	C:\Windows\WinSxS\amd64_microsoft.windows.common-controls_6595b64144ccf1df_5.82.7601.18201_none_a4d3b9377117c3df\COMCTL32.dll
0x000007feff9b0000 - 0x000007feffa47000 	C:\Windows\system32\COMDLG32.dll
0x000007fefb5f0000 - 0x000007fefb606000 	C:\Windows\system32\NETAPI32.dll
0x000007fefb5e0000 - 0x000007fefb5ec000 	C:\Windows\system32\netutils.dll
0x000007fefd0a0000 - 0x000007fefd0c3000 	C:\Windows\system32\srvcli.dll
0x000007fefb5c0000 - 0x000007fefb5d5000 	C:\Windows\system32\wkscli.dll
0x000000006e4d0000 - 0x000000006e57d000 	C:\Program Files\MATLAB\R2013b\bin\win64\mcr.dll
0x000000006e110000 - 0x000000006e4d0000 	C:\Program Files\MATLAB\R2013b\bin\win64\iqm.dll
0x0000000180000000 - 0x00000001800c2000 	C:\Program Files\MATLAB\R2013b\bin\win64\m_dispatcher.dll
0x0000000004e70000 - 0x000000000566b000 	C:\Program Files\MATLAB\R2013b\bin\win64\m_interpreter.dll
0x000000006d760000 - 0x000000006d784000 	C:\Program Files\MATLAB\R2013b\bin\win64\libmex.dll
0x000000006d6e0000 - 0x000000006d75b000 	C:\Program Files\MATLAB\R2013b\bin\win64\profiler.dll
0x000000006d450000 - 0x000000006d5c8000 	C:\Program Files\MATLAB\R2013b\bin\win64\libmwmathutil.dll
0x000000006d420000 - 0x000000006d447000 	C:\Program Files\MATLAB\R2013b\bin\win64\libmwmathrng.dll
0x000000006d410000 - 0x000000006d420000 	C:\Program Files\MATLAB\R2013b\bin\win64\libmwmfl_rng.dll
0x0000000005670000 - 0x0000000005788000 	C:\Program Files\MATLAB\R2013b\bin\win64\libmwmathcore.dll
0x000000006d2b0000 - 0x000000006d313000 	C:\Program Files\MATLAB\R2013b\bin\win64\libmwspmatrix.dll
0x0000000005790000 - 0x00000000059f2000 	C:\Program Files\MATLAB\R2013b\bin\win64\mcos.dll
0x000000006cfc0000 - 0x000000006d01c000 	C:\Program Files\MATLAB\R2013b\bin\win64\libmwcholmod.dll
0x000000006cfb0000 - 0x000000006cfbc000 	C:\Program Files\MATLAB\R2013b\bin\win64\libmwamd.dll
0x000000006cfa0000 - 0x000000006cfab000 	C:\Program Files\MATLAB\R2013b\bin\win64\libmwcolamd.dll
0x000000006cf80000 - 0x000000006cf93000 	C:\Program Files\MATLAB\R2013b\bin\win64\libmwblas.dll
0x000000006cf60000 - 0x000000006cf75000 	C:\Program Files\MATLAB\R2013b\bin\win64\libmwbinder.dll
0x000000006cf50000 - 0x000000006cf5b000 	C:\Program Files\MATLAB\R2013b\bin\win64\libmwompwrapper.dll
0x000000006ced0000 - 0x000000006cf4f000 	C:\Program Files\MATLAB\R2013b\bin\win64\libmwlapack.dll
0x000000006ceb0000 - 0x000000006ced0000 	C:\Program Files\MATLAB\R2013b\bin\win64\m_pcodeio.dll
0x000000006ce50000 - 0x000000006ceac000 	C:\Program Files\MATLAB\R2013b\bin\win64\m_ir.dll
0x0000000005a00000 - 0x00000000060b5000 	C:\Program Files\MATLAB\R2013b\bin\win64\m_parser.dll
0x000000006c780000 - 0x000000006c797000 	C:\Program Files\MATLAB\R2013b\bin\win64\ir_xfmr.dll
0x000000006c770000 - 0x000000006c780000 	C:\Program Files\MATLAB\R2013b\bin\win64\mtok.dll
0x000000006c740000 - 0x000000006c768000 	C:\Program Files\MATLAB\R2013b\bin\win64\m_pcodegen.dll
0x000007fee29f0000 - 0x000007fee2b15000 	C:\Windows\system32\dbghelp.dll
0x000000006c710000 - 0x000000006c73f000 	C:\Program Files\MATLAB\R2013b\bin\win64\libmwbridge.dll
0x000000006c650000 - 0x000000006c706000 	C:\Program Files\MATLAB\R2013b\bin\win64\udd.dll
0x00000000060c0000 - 0x0000000006211000 	C:\Program Files\MATLAB\R2013b\bin\win64\libmwgui.dll
0x000000006c4d0000 - 0x000000006c4f8000 	C:\Program Files\MATLAB\R2013b\bin\win64\graphics_util.dll
0x0000000065280000 - 0x0000000065338000 	C:\Program Files\MATLAB\R2013b\bin\win64\libtex_base.dll
0x000000006bac0000 - 0x000000006c426000 	C:\Program Files\MATLAB\R2013b\bin\win64\hg.dll
0x000000006ba60000 - 0x000000006babd000 	C:\Program Files\MATLAB\R2013b\bin\win64\libmat.dll
0x000000006b850000 - 0x000000006ba58000 	C:\Program Files\MATLAB\R2013b\bin\win64\hdf5dll.dll
0x000000006b780000 - 0x000000006b848000 	C:\Program Files\MATLAB\R2013b\bin\win64\jmi.dll
0x000000006b770000 - 0x000000006b77e000 	C:\Program Files\MATLAB\R2013b\bin\win64\nativejava_services.dll
0x0000000006220000 - 0x0000000006262000 	C:\Program Files\MATLAB\R2013b\bin\win64\libmwhardcopy.dll
0x000000006b6d0000 - 0x000000006b72e000 	C:\Program Files\MATLAB\R2013b\bin\win64\libuij.dll
0x000000006b490000 - 0x000000006b695000 	C:\Program Files\MATLAB\R2013b\bin\win64\hgdatatypes.dll
0x0000000006270000 - 0x0000000006382000 	C:\Program Files\MATLAB\R2013b\bin\win64\hgutils.dll
0x000000006b2f0000 - 0x000000006b39e000 	C:\Program Files\MATLAB\R2013b\bin\win64\udd_mi.dll
0x000000006b2b0000 - 0x000000006b2e6000 	C:\Program Files\MATLAB\R2013b\bin\win64\libmwgbtutils.dll
0x000000006b290000 - 0x000000006b2a3000 	C:\Program Files\MATLAB\R2013b\bin\win64\libmwgbt.dll
0x000000006afc0000 - 0x000000006b28f000 	C:\Program Files\MATLAB\R2013b\bin\win64\uiw.dll
0x000000006afb0000 - 0x000000006afb9000 	C:\Program Files\MATLAB\R2013b\bin\win64\uinone.dll
0x000000006af80000 - 0x000000006afac000 	C:\Program Files\MATLAB\R2013b\bin\win64\libmwnativedialogs.dll
0x000000006af70000 - 0x000000006af7c000 	C:\Program Files\MATLAB\R2013b\bin\win64\libmwplatform_res.dll
0x000007fef4f30000 - 0x000007fef4f48000 	C:\Windows\system32\MPR.dll
0x0000000064d20000 - 0x000000006527d000 	C:\Program Files\MATLAB\R2013b\bin\win64\mfc100.dll
0x000007fefa1f0000 - 0x000007fefa1f7000 	C:\Windows\system32\MSIMG32.dll
0x000007fefadf0000 - 0x000007fefae61000 	C:\Windows\system32\WINSPOOL.DRV
0x000000006af50000 - 0x000000006af6d000 	C:\Program Files\MATLAB\R2013b\bin\win64\mwoles05.DLL
0x000000006aee0000 - 0x000000006af4c000 	C:\Program Files\MATLAB\R2013b\bin\win64\comcli.dll
0x00000000656f0000 - 0x000000006571b000 	C:\Program Files\MATLAB\R2013b\bin\win64\ATL100.DLL
0x000000006aed0000 - 0x000000006aedc000 	C:\Program Files\MATLAB\R2013b\bin\win64\mlautoregister.dll
0x00000000063a0000 - 0x000000000650f000 	C:\Program Files\MATLAB\R2013b\bin\win64\mvm.dll
0x000007fefda40000 - 0x000007fefda6e000 	C:\Windows\system32\IMM32.DLL
0x000007feff2a0000 - 0x000007feff3a9000 	C:\Windows\system32\MSCTF.dll
0x000007fefbd50000 - 0x000007fefbda6000 	C:\Windows\system32\UxTheme.dll
0x000007fefb920000 - 0x000007fefb938000 	C:\Windows\system32\dwmapi.dll

VM Arguments:
jvm_args: -XX:PermSize=32m -Xms64m -XX:NewRatio=3 -XX:MaxPermSize=128m -Xmx384m -XX:MaxDirectMemorySize=2147400000 -Dsun.java2d.noddraw=true -Dsun.awt.nopixfmt=true -Xshare:off -Xrs -XX:-UseSplitVerifier -Djava.library.path=C:\Program Files\MATLAB\R2013b\bin\win64;C:\Program Files\MATLAB\R2013b\sys\jxbrowser\win64\lib vfprintf abort -Duser.language=en -Duser.country=US 
java_command: <unknown>
Launcher Type: generic

Environment Variables:
PATH=c:\Program Files (x86)\Intel\iCLS Client\;c:\Program Files\Intel\iCLS Client\;C:\Windows\system32;C:\Windows;C:\Windows\System32\Wbem;C:\Windows\System32\WindowsPowerShell\v1.0\;C:\Program Files\Intel\Intel(R) Management Engine Components\DAL;C:\Program Files\Intel\Intel(R) Management Engine Components\IPT;C:\Program Files (x86)\Intel\Intel(R) Management Engine Components\DAL;C:\Program Files (x86)\Intel\Intel(R) Management Engine Components\IPT;C:\Program Files\MATLAB\R2013b\runtime\win64;C:\Program Files\MATLAB\R2013b\bin;C:\Program Files\Agilent\IO Libraries Suite\bin;C:\Program Files\IVI Foundation\VISA\Win64\agvisa;C:\Program Files\IVI Foundation\VISA\Win64\bin;C:\Program Files (x86)\Agilent\IO Libraries Suite\bin;C:\Program Files (x86)\IVI Foundation\VISA\WinNT\agvisa;C:\Program Files (x86)\IVI Foundation\VISA\WinNT\bin;C:\Program Files (x86)\IVI Foundation\IVI\bin;C:\Program Files\IVI Foundation\IVI\bin;C:\Program Files (x86)\IVI Foundation\VISA\WinNT\Bin\;C:\Program Files\IVI Foundation\VISA\Win64\Bin\C:\Program Files\IVI Foundation\IVI\Lib_x64\msc;C:\Program Files\IVI Foundation\IVI\Bin\Primary Interop Assemblies;C:\Program Files\IVI Foundation\VISA\VisaCom64;C:\Program Files\IVI Foundation\VISA\VisaCom64\Primary Interop Assemblies;C:\Program Files\IVI Foundation\VISA\Win64\agvisa\agbin;C:\Program Files\IVI Foundation\VISA\Win64\agvisa\gpibvxi;C:\PROGRA~2\IVI\Bin
USERNAME=mbenreje
OS=Windows_NT
PROCESSOR_IDENTIFIER=Intel64 Family 6 Model 62 Stepping 4, GenuineIntel



---------------  S Y S T E M  ---------------

OS: Windows 7 , 64 bit Build 7601 Service Pack 1

CPU:total 4 (4 cores per cpu, 1 threads per core) family 6 model 62 stepping 4, cmov, cx8, fxsr, mmx, sse, sse2, sse3, ssse3, sse4.1, sse4.2, popcnt, avx, tsc, tscinvbit

Memory: 4k page, physical 16699240k(13012248k free), swap 33396616k(29335120k free)

vm_info: Java HotSpot(TM) 64-Bit Server VM (23.6-b04) for windows-amd64 JRE (1.7.0_11-b21), built on Jan 12 2013 02:38:42 by "java_re" with unknown MS VC++:1600

time: Mon Mar 17 11:10:11 2014
elapsed time: 5962 seconds

